2022-11-03 12:44:38,987 [main] INFO nopcommerce - Launching Browser
2022-11-03 12:44:39,016 [main] INFO nopcommerce - Opening URL
2022-11-03 12:44:40,458 [main] INFO nopcommerce - Providing Username and Password
2022-11-03 12:44:40,644 [main] INFO nopcommerce - Clicking Login Button
2022-11-03 12:44:45,173 [main] INFO nopcommerce - Verifying Dashboard
2022-11-03 12:44:45,192 [main] INFO nopcommerce - Click Customer Icon
2022-11-03 12:44:45,551 [main] INFO nopcommerce - Click Customer Menu
2022-11-03 12:44:47,106 [main] INFO nopcommerce - Click Add Button
2022-11-03 12:44:48,581 [main] INFO nopcommerce - View Customr Page
2022-11-03 12:44:48,589 [main] INFO nopcommerce - Adding Customer
2022-11-03 12:45:02,317 [main] INFO nopcommerce - Save Customer
2022-11-03 12:45:06,076 [main] INFO nopcommerce - View Confirmation Message
2022-11-03 12:45:06,236 [main] INFO nopcommerce - Closing Browser
2022-11-03 12:45:23,108 [main] INFO nopcommerce - Launching Browser
2022-11-03 12:45:23,109 [main] INFO nopcommerce - Opening URL
2022-11-03 12:45:24,631 [main] INFO nopcommerce - Providing Username and Password
2022-11-03 12:45:24,816 [main] INFO nopcommerce - Clicking Login Button
2022-11-03 12:45:29,266 [main] INFO nopcommerce - Verifying Dashboard
2022-11-03 12:45:29,279 [main] INFO nopcommerce - Click Customer Icon
2022-11-03 12:45:29,773 [main] INFO nopcommerce - Click Customer Menu
2022-11-03 12:45:31,579 [main] INFO nopcommerce - Enter Customer Email
2022-11-03 12:45:32,028 [main] INFO nopcommerce - Click on Search Button
2022-11-03 12:45:34,386 [main] INFO nopcommerce - Validating email Record
2022-11-03 12:45:34,441 [main] INFO nopcommerce - Closing Browser
2022-11-03 12:45:51,327 [main] INFO nopcommerce - Launching Browser
2022-11-03 12:45:51,329 [main] INFO nopcommerce - Opening URL
2022-11-03 12:45:52,827 [main] INFO nopcommerce - Providing Username and Password
2022-11-03 12:45:53,030 [main] INFO nopcommerce - Clicking Login Button
2022-11-03 12:45:57,888 [main] INFO nopcommerce - Verifying Dashboard
2022-11-03 12:45:57,899 [main] INFO nopcommerce - Click Customer Icon
2022-11-03 12:45:58,223 [main] INFO nopcommerce - Click Customer Menu
2022-11-03 12:45:59,965 [main] INFO nopcommerce - Enter Customer Fname
2022-11-03 12:46:00,317 [main] INFO nopcommerce - Enter Customer Lname
2022-11-03 12:46:00,640 [main] INFO nopcommerce - Click on Search Button
2022-11-03 12:46:02,946 [main] INFO nopcommerce - Validating Name Record
2022-11-03 12:46:03,004 [main] INFO nopcommerce - Closing Browser
2022-11-03 12:46:03,762 [main] INFO nopcommerce - Launching Browser
2022-11-03 12:46:03,764 [main] INFO nopcommerce - Opening URL
2022-11-03 12:46:05,270 [main] INFO nopcommerce - Providing Username and Password
2022-11-03 12:46:05,459 [main] INFO nopcommerce - Clicking Login Button
2022-11-03 12:46:07,948 [main] INFO nopcommerce - Verifying Dashboard
2022-11-03 12:46:07,963 [main] INFO nopcommerce - Click Customer Icon
2022-11-03 12:46:08,266 [main] INFO nopcommerce - Click Customer Menu
2022-11-03 12:46:09,869 [main] INFO nopcommerce - Enter Customer Comapny
2022-11-03 12:46:10,234 [main] INFO nopcommerce - Click on Search Button
2022-11-03 12:46:12,479 [main] INFO nopcommerce - Validating Comapny Record
2022-11-03 12:46:12,571 [main] INFO nopcommerce - Closing Browser
2022-11-03 12:46:13,291 [main] INFO nopcommerce - Launching Browser
2022-11-03 12:46:13,293 [main] INFO nopcommerce - Opening URL
2022-11-03 12:46:14,788 [main] INFO nopcommerce - Providing Username and Password
2022-11-03 12:46:14,972 [main] INFO nopcommerce - Clicking Login Button
2022-11-03 12:46:18,788 [main] INFO nopcommerce - Verifying Dashboard
2022-11-03 12:46:18,800 [main] INFO nopcommerce - Click Customer Icon
2022-11-03 12:46:19,106 [main] INFO nopcommerce - Click Customer Menu
2022-11-03 12:46:20,689 [main] INFO nopcommerce - Enter Customer Month
2022-11-03 12:46:21,008 [main] INFO nopcommerce - Enter Customer Date
2022-11-03 12:46:21,286 [main] INFO nopcommerce - Click on Search Button
2022-11-03 12:46:23,722 [main] INFO nopcommerce - Validating email Record
2022-11-03 12:46:23,781 [main] INFO nopcommerce - Closing Browser
2022-11-03 12:46:40,577 [main] INFO nopcommerce - Launching Browser
2022-11-03 12:46:40,578 [main] INFO nopcommerce - Opening URL
2022-11-03 12:46:42,165 [main] INFO nopcommerce - Providing Username and Password
2022-11-03 12:46:42,367 [main] INFO nopcommerce - Clicking Login Button
2022-11-03 12:46:46,929 [main] INFO nopcommerce - Verifying Dashboard
2022-11-03 12:46:46,942 [main] INFO nopcommerce - Click Customer Icon
2022-11-03 12:46:47,247 [main] INFO nopcommerce - Click Customer Menu
2022-11-03 12:46:48,811 [main] INFO nopcommerce - Enter Customer Role
2022-11-03 12:46:49,223 [main] INFO nopcommerce - Click on Search Button
2022-11-03 12:46:51,509 [main] INFO nopcommerce - Validating Customer Role Record
2022-11-03 12:46:51,978 [main] INFO nopcommerce - Closing Browser
2022-11-03 13:16:53,329 [main] INFO nopcommerce - Launching Browser
2022-11-03 13:16:53,356 [main] INFO nopcommerce - Opening URL
2022-11-03 13:16:54,954 [main] INFO nopcommerce - Providing Username and Password
2022-11-03 13:16:55,153 [main] INFO nopcommerce - Clicking Login Button
2022-11-03 13:16:58,753 [main] INFO nopcommerce - Verifying Dashboard
2022-11-03 13:16:58,781 [main] INFO nopcommerce - Click Customer Icon
2022-11-03 13:16:59,161 [main] INFO nopcommerce - Click Customer Menu
2022-11-03 13:17:00,695 [main] INFO nopcommerce - Click Add Button
2022-11-03 13:17:02,095 [main] INFO nopcommerce - View Customr Page
2022-11-03 13:17:02,106 [main] INFO nopcommerce - Adding Customer
2022-11-03 13:17:16,069 [main] INFO nopcommerce - Save Customer
2022-11-03 13:17:19,644 [main] INFO nopcommerce - View Confirmation Message
2022-11-03 13:17:19,790 [main] INFO nopcommerce - Closing Browser
2022-11-03 13:17:36,666 [main] INFO nopcommerce - Launching Browser
2022-11-03 13:17:36,669 [main] INFO nopcommerce - Opening URL
2022-11-03 13:17:37,415 [main] INFO nopcommerce - Providing Username and Password
2022-11-03 13:17:37,616 [main] INFO nopcommerce - Clicking Login Button
2022-11-03 13:17:41,183 [main] INFO nopcommerce - Verifying Dashboard
2022-11-03 13:17:41,194 [main] INFO nopcommerce - Click Customer Icon
2022-11-03 13:17:41,492 [main] INFO nopcommerce - Click Customer Menu
2022-11-03 13:17:43,098 [main] INFO nopcommerce - Enter Customer Email
2022-11-03 13:17:43,409 [main] INFO nopcommerce - Click on Search Button
2022-11-03 13:17:45,647 [main] INFO nopcommerce - Validating email Record
2022-11-03 13:17:45,710 [main] INFO nopcommerce - Closing Browser
2022-11-03 13:17:46,503 [main] INFO nopcommerce - Launching Browser
2022-11-03 13:17:46,504 [main] INFO nopcommerce - Opening URL
2022-11-03 13:17:47,955 [main] INFO nopcommerce - Providing Username and Password
2022-11-03 13:17:48,140 [main] INFO nopcommerce - Clicking Login Button
2022-11-03 13:17:51,686 [main] INFO nopcommerce - Verifying Dashboard
2022-11-03 13:17:51,696 [main] INFO nopcommerce - Click Customer Icon
2022-11-03 13:17:52,032 [main] INFO nopcommerce - Click Customer Menu
2022-11-03 13:17:53,626 [main] INFO nopcommerce - Enter Customer Fname
2022-11-03 13:17:53,916 [main] INFO nopcommerce - Enter Customer Lname
2022-11-03 13:17:54,195 [main] INFO nopcommerce - Click on Search Button
2022-11-03 13:17:56,448 [main] INFO nopcommerce - Validating Name Record
2022-11-03 13:17:56,495 [main] INFO nopcommerce - Closing Browser
2022-11-03 13:18:13,417 [main] INFO nopcommerce - Launching Browser
2022-11-03 13:18:13,419 [main] INFO nopcommerce - Opening URL
2022-11-03 13:18:14,941 [main] INFO nopcommerce - Providing Username and Password
2022-11-03 13:18:15,135 [main] INFO nopcommerce - Clicking Login Button
2022-11-03 13:18:18,071 [main] INFO nopcommerce - Verifying Dashboard
2022-11-03 13:18:18,083 [main] INFO nopcommerce - Click Customer Icon
2022-11-03 13:18:18,381 [main] INFO nopcommerce - Click Customer Menu
2022-11-03 13:18:19,969 [main] INFO nopcommerce - Enter Customer Comapny
2022-11-03 13:18:20,293 [main] INFO nopcommerce - Click on Search Button
2022-11-03 13:18:22,556 [main] INFO nopcommerce - Validating Comapny Record
2022-11-03 13:18:23,251 [main] INFO nopcommerce - Launching Browser
2022-11-03 13:18:23,254 [main] INFO nopcommerce - Opening URL
2022-11-03 13:18:24,729 [main] INFO nopcommerce - Providing Username and Password
2022-11-03 13:18:24,949 [main] INFO nopcommerce - Clicking Login Button
2022-11-03 13:18:29,291 [main] INFO nopcommerce - Verifying Dashboard
2022-11-03 13:18:29,306 [main] INFO nopcommerce - Click Customer Icon
2022-11-03 13:18:29,593 [main] INFO nopcommerce - Click Customer Menu
2022-11-03 13:18:31,194 [main] INFO nopcommerce - Enter Customer Month
2022-11-03 13:18:31,481 [main] INFO nopcommerce - Enter Customer Date
2022-11-03 13:18:31,799 [main] INFO nopcommerce - Click on Search Button
2022-11-03 13:18:34,038 [main] INFO nopcommerce - Validating email Record
2022-11-03 13:18:34,719 [main] INFO nopcommerce - Launching Browser
2022-11-03 13:18:34,722 [main] INFO nopcommerce - Opening URL
2022-11-03 13:18:36,264 [main] INFO nopcommerce - Providing Username and Password
2022-11-03 13:18:36,464 [main] INFO nopcommerce - Clicking Login Button
2022-11-03 13:18:39,851 [main] INFO nopcommerce - Verifying Dashboard
2022-11-03 13:18:39,861 [main] INFO nopcommerce - Click Customer Icon
2022-11-03 13:18:40,142 [main] INFO nopcommerce - Click Customer Menu
2022-11-03 13:18:42,313 [main] INFO nopcommerce - Enter Customer Role
2022-11-03 13:18:42,822 [main] INFO nopcommerce - Click on Search Button
2022-11-03 13:18:45,118 [main] INFO nopcommerce - Validating Customer Role Record
2022-11-03 13:18:45,776 [main] INFO nopcommerce - Closing Browser
2022-11-03 13:30:07,950 [main] INFO nopcommerce - Launching Browser
2022-11-03 13:30:07,978 [main] INFO nopcommerce - Opening URL
2022-11-03 13:30:09,514 [main] INFO nopcommerce - Providing Username and Password
2022-11-03 13:30:09,714 [main] INFO nopcommerce - Clicking Login Button
2022-11-03 13:30:12,646 [main] INFO nopcommerce - Verifying Dashboard
2022-11-03 13:30:12,679 [main] INFO nopcommerce - Click Customer Icon
2022-11-03 13:30:13,016 [main] INFO nopcommerce - Click Customer Menu
2022-11-03 13:30:14,563 [main] INFO nopcommerce - Click Add Button
2022-11-03 13:30:16,011 [main] INFO nopcommerce - View Customr Page
2022-11-03 13:30:16,022 [main] INFO nopcommerce - Adding Customer
2022-11-03 13:30:22,152 [main] INFO nopcommerce - Launching Browser
2022-11-03 13:30:22,156 [main] INFO nopcommerce - Opening URL
2022-11-03 13:30:25,206 [main] INFO nopcommerce - Providing Username and Password
2022-11-03 13:30:25,420 [main] INFO nopcommerce - Clicking Login Button
2022-11-03 13:30:28,226 [main] INFO nopcommerce - Verifying Dashboard
2022-11-03 13:30:28,235 [main] INFO nopcommerce - Click Customer Icon
2022-11-03 13:30:28,554 [main] INFO nopcommerce - Click Customer Menu
2022-11-03 13:30:31,007 [main] INFO nopcommerce - Enter Customer Email
2022-11-03 13:30:31,503 [main] INFO nopcommerce - Click on Search Button
2022-11-03 13:30:33,900 [main] INFO nopcommerce - Validating email Record
2022-11-03 13:30:33,984 [main] INFO nopcommerce - Closing Browser
2022-11-03 13:30:50,904 [main] INFO nopcommerce - Launching Browser
2022-11-03 13:30:50,906 [main] INFO nopcommerce - Opening URL
2022-11-03 13:30:52,512 [main] INFO nopcommerce - Providing Username and Password
2022-11-03 13:30:52,712 [main] INFO nopcommerce - Clicking Login Button
2022-11-03 13:30:55,543 [main] INFO nopcommerce - Verifying Dashboard
2022-11-03 13:30:55,549 [main] INFO nopcommerce - Click Customer Icon
2022-11-03 13:30:55,946 [main] INFO nopcommerce - Click Customer Menu
2022-11-03 13:30:57,698 [main] INFO nopcommerce - Enter Customer Fname
2022-11-03 13:30:57,978 [main] INFO nopcommerce - Enter Customer Lname
2022-11-03 13:30:58,260 [main] INFO nopcommerce - Click on Search Button
2022-11-03 13:31:00,504 [main] INFO nopcommerce - Validating Name Record
2022-11-03 13:31:00,577 [main] INFO nopcommerce - Closing Browser
2022-11-03 13:31:17,468 [main] INFO nopcommerce - Launching Browser
2022-11-03 13:31:17,469 [main] INFO nopcommerce - Opening URL
2022-11-03 13:31:19,091 [main] INFO nopcommerce - Providing Username and Password
2022-11-03 13:31:19,297 [main] INFO nopcommerce - Clicking Login Button
2022-11-03 13:31:23,612 [main] INFO nopcommerce - Verifying Dashboard
2022-11-03 13:31:23,673 [main] INFO nopcommerce - Click Customer Icon
2022-11-03 13:31:24,265 [main] INFO nopcommerce - Click Customer Menu
2022-11-03 13:31:26,082 [main] INFO nopcommerce - Enter Customer Comapny
2022-11-03 13:31:26,417 [main] INFO nopcommerce - Click on Search Button
2022-11-03 13:31:28,650 [main] INFO nopcommerce - Validating Comapny Record
2022-11-03 13:31:29,449 [main] INFO nopcommerce - Launching Browser
2022-11-03 13:31:29,450 [main] INFO nopcommerce - Opening URL
2022-11-03 13:31:31,094 [main] INFO nopcommerce - Providing Username and Password
2022-11-03 13:31:31,299 [main] INFO nopcommerce - Clicking Login Button
2022-11-03 13:31:36,166 [main] INFO nopcommerce - Verifying Dashboard
2022-11-03 13:31:36,181 [main] INFO nopcommerce - Click Customer Icon
2022-11-03 13:31:36,624 [main] INFO nopcommerce - Click Customer Menu
2022-11-03 13:31:38,738 [main] INFO nopcommerce - Enter Customer Month
2022-11-03 13:31:39,034 [main] INFO nopcommerce - Enter Customer Date
2022-11-03 13:31:39,301 [main] INFO nopcommerce - Click on Search Button
2022-11-03 13:31:41,538 [main] INFO nopcommerce - Validating email Record
2022-11-03 13:31:42,286 [main] INFO nopcommerce - Launching Browser
2022-11-03 13:31:42,288 [main] INFO nopcommerce - Opening URL
2022-11-03 13:31:43,852 [main] INFO nopcommerce - Providing Username and Password
2022-11-03 13:31:44,063 [main] INFO nopcommerce - Clicking Login Button
2022-11-03 13:31:48,673 [main] INFO nopcommerce - Verifying Dashboard
2022-11-03 13:31:48,681 [main] INFO nopcommerce - Click Customer Icon
2022-11-03 13:31:49,124 [main] INFO nopcommerce - Click Customer Menu
2022-11-03 13:31:51,047 [main] INFO nopcommerce - Enter Customer Role
2022-11-03 13:31:51,595 [main] INFO nopcommerce - Click on Search Button
2022-11-03 13:31:53,885 [main] INFO nopcommerce - Validating Customer Role Record
2022-11-03 13:31:54,432 [main] INFO nopcommerce - Closing Browser
2022-11-03 13:33:37,326 [main] INFO nopcommerce - Launching Browser
2022-11-03 13:33:37,355 [main] INFO nopcommerce - Opening URL
2022-11-03 13:33:38,979 [main] INFO nopcommerce - Providing Username and Password
2022-11-03 13:33:39,187 [main] INFO nopcommerce - Clicking Login Button
2022-11-03 13:33:42,840 [main] INFO nopcommerce - Verifying Dashboard
2022-11-03 13:33:42,861 [main] INFO nopcommerce - Click Customer Icon
2022-11-03 13:33:43,221 [main] INFO nopcommerce - Click Customer Menu
2022-11-03 13:33:44,731 [main] INFO nopcommerce - Click Add Button
2022-11-03 13:33:46,276 [main] INFO nopcommerce - View Customr Page
2022-11-03 13:33:46,285 [main] INFO nopcommerce - Adding Customer
2022-11-03 13:34:00,351 [main] INFO nopcommerce - Save Customer
2022-11-03 13:34:03,793 [main] INFO nopcommerce - View Confirmation Message
2022-11-03 13:34:03,949 [main] INFO nopcommerce - Closing Browser
2022-11-03 13:34:04,654 [main] INFO nopcommerce - Launching Browser
2022-11-03 13:34:04,655 [main] INFO nopcommerce - Opening URL
2022-11-03 13:34:06,147 [main] INFO nopcommerce - Providing Username and Password
2022-11-03 13:34:06,334 [main] INFO nopcommerce - Clicking Login Button
2022-11-03 13:34:09,844 [main] INFO nopcommerce - Verifying Dashboard
2022-11-03 13:34:09,855 [main] INFO nopcommerce - Click Customer Icon
2022-11-03 13:34:10,144 [main] INFO nopcommerce - Click Customer Menu
2022-11-03 13:34:11,927 [main] INFO nopcommerce - Enter Customer Email
2022-11-03 13:34:12,255 [main] INFO nopcommerce - Click on Search Button
2022-11-03 13:34:14,519 [main] INFO nopcommerce - Validating email Record
2022-11-03 13:34:14,590 [main] INFO nopcommerce - Closing Browser
2022-11-03 13:34:27,394 [main] INFO nopcommerce - Launching Browser
2022-11-03 13:34:27,397 [main] INFO nopcommerce - Opening URL
2022-11-03 13:34:28,161 [main] INFO nopcommerce - Providing Username and Password
2022-11-03 13:34:28,342 [main] INFO nopcommerce - Clicking Login Button
2022-11-03 13:34:31,872 [main] INFO nopcommerce - Verifying Dashboard
2022-11-03 13:34:31,882 [main] INFO nopcommerce - Click Customer Icon
2022-11-03 13:34:32,205 [main] INFO nopcommerce - Click Customer Menu
2022-11-03 13:34:33,729 [main] INFO nopcommerce - Enter Customer Fname
2022-11-03 13:34:34,059 [main] INFO nopcommerce - Enter Customer Lname
2022-11-03 13:34:34,350 [main] INFO nopcommerce - Click on Search Button
2022-11-03 13:34:36,609 [main] INFO nopcommerce - Validating Name Record
2022-11-03 13:34:36,672 [main] INFO nopcommerce - Closing Browser
2022-11-03 13:34:37,393 [main] INFO nopcommerce - Launching Browser
2022-11-03 13:34:37,396 [main] INFO nopcommerce - Opening URL
2022-11-03 13:34:38,865 [main] INFO nopcommerce - Providing Username and Password
2022-11-03 13:34:39,054 [main] INFO nopcommerce - Clicking Login Button
2022-11-03 13:34:41,198 [main] INFO nopcommerce - Verifying Dashboard
2022-11-03 13:34:41,211 [main] INFO nopcommerce - Click Customer Icon
2022-11-03 13:34:41,497 [main] INFO nopcommerce - Click Customer Menu
2022-11-03 13:34:43,153 [main] INFO nopcommerce - Enter Customer Comapny
2022-11-03 13:34:43,464 [main] INFO nopcommerce - Click on Search Button
2022-11-03 13:34:45,698 [main] INFO nopcommerce - Validating Comapny Record
2022-11-03 13:34:45,751 [main] INFO nopcommerce - Closing Browser
2022-11-03 13:34:46,459 [main] INFO nopcommerce - Launching Browser
2022-11-03 13:34:46,460 [main] INFO nopcommerce - Opening URL
2022-11-03 13:34:47,948 [main] INFO nopcommerce - Providing Username and Password
2022-11-03 13:34:48,140 [main] INFO nopcommerce - Clicking Login Button
2022-11-03 13:34:51,654 [main] INFO nopcommerce - Verifying Dashboard
2022-11-03 13:34:51,661 [main] INFO nopcommerce - Click Customer Icon
2022-11-03 13:34:51,955 [main] INFO nopcommerce - Click Customer Menu
2022-11-03 13:34:53,530 [main] INFO nopcommerce - Enter Customer Month
2022-11-03 13:34:53,814 [main] INFO nopcommerce - Enter Customer Date
2022-11-03 13:34:54,075 [main] INFO nopcommerce - Click on Search Button
2022-11-03 13:34:56,307 [main] INFO nopcommerce - Validating email Record
2022-11-03 13:34:56,370 [main] INFO nopcommerce - Closing Browser
2022-11-03 13:35:13,222 [main] INFO nopcommerce - Launching Browser
2022-11-03 13:35:13,225 [main] INFO nopcommerce - Opening URL
2022-11-03 13:35:14,027 [main] INFO nopcommerce - Providing Username and Password
2022-11-03 13:35:14,209 [main] INFO nopcommerce - Clicking Login Button
2022-11-03 13:35:17,741 [main] INFO nopcommerce - Verifying Dashboard
2022-11-03 13:35:17,757 [main] INFO nopcommerce - Click Customer Icon
2022-11-03 13:35:18,034 [main] INFO nopcommerce - Click Customer Menu
2022-11-03 13:35:19,663 [main] INFO nopcommerce - Enter Customer Role
2022-11-03 13:35:20,023 [main] INFO nopcommerce - Click on Search Button
2022-11-03 13:35:22,305 [main] INFO nopcommerce - Validating Customer Role Record
2022-11-03 13:35:22,778 [main] INFO nopcommerce - Closing Browser
2022-11-03 13:38:54,472 [main] INFO nopcommerce - Launching Browser
2022-11-03 13:38:54,496 [main] INFO nopcommerce - Opening URL
2022-11-03 13:38:56,077 [main] INFO nopcommerce - Providing Username and Password
2022-11-03 13:38:56,269 [main] INFO nopcommerce - Clicking Login Button
2022-11-03 13:39:00,753 [main] INFO nopcommerce - Verifying Dashboard
2022-11-03 13:39:00,770 [main] INFO nopcommerce - Click Customer Icon
2022-11-03 13:39:01,396 [main] INFO nopcommerce - Click Customer Menu
2022-11-03 13:39:03,378 [main] INFO nopcommerce - Click Add Button
2022-11-03 13:39:05,372 [main] INFO nopcommerce - View Customr Page
2022-11-03 13:39:05,383 [main] INFO nopcommerce - Adding Customer
2022-11-03 13:39:19,372 [main] INFO nopcommerce - Save Customer
2022-11-03 13:39:22,814 [main] INFO nopcommerce - View Confirmation Message
2022-11-03 13:39:22,974 [main] INFO nopcommerce - Closing Browser
2022-11-03 13:39:23,840 [main] INFO nopcommerce - Launching Browser
2022-11-03 13:39:23,841 [main] INFO nopcommerce - Opening URL
2022-11-03 13:39:25,351 [main] INFO nopcommerce - Providing Username and Password
2022-11-03 13:39:25,538 [main] INFO nopcommerce - Clicking Login Button
2022-11-03 13:39:30,595 [main] INFO nopcommerce - Verifying Dashboard
2022-11-03 13:39:30,646 [main] INFO nopcommerce - Click Customer Icon
2022-11-03 13:39:31,196 [main] INFO nopcommerce - Click Customer Menu
2022-11-03 13:39:33,151 [main] INFO nopcommerce - Enter Customer Email
2022-11-03 13:39:33,452 [main] INFO nopcommerce - Click on Search Button
2022-11-03 13:39:35,700 [main] INFO nopcommerce - Validating email Record
2022-11-03 13:39:35,744 [main] INFO nopcommerce - Closing Browser
2022-11-03 13:39:36,513 [main] INFO nopcommerce - Launching Browser
2022-11-03 13:39:36,514 [main] INFO nopcommerce - Opening URL
2022-11-03 13:39:38,011 [main] INFO nopcommerce - Providing Username and Password
2022-11-03 13:39:38,203 [main] INFO nopcommerce - Clicking Login Button
2022-11-03 13:39:41,877 [main] INFO nopcommerce - Verifying Dashboard
2022-11-03 13:39:41,892 [main] INFO nopcommerce - Click Customer Icon
2022-11-03 13:39:42,304 [main] INFO nopcommerce - Click Customer Menu
2022-11-03 13:39:44,004 [main] INFO nopcommerce - Enter Customer Fname
2022-11-03 13:39:44,322 [main] INFO nopcommerce - Enter Customer Lname
2022-11-03 13:39:44,590 [main] INFO nopcommerce - Click on Search Button
2022-11-03 13:39:46,817 [main] INFO nopcommerce - Validating Name Record
2022-11-03 13:39:46,878 [main] INFO nopcommerce - Closing Browser
2022-11-03 13:40:03,719 [main] INFO nopcommerce - Launching Browser
2022-11-03 13:40:03,721 [main] INFO nopcommerce - Opening URL
2022-11-03 13:40:05,218 [main] INFO nopcommerce - Providing Username and Password
2022-11-03 13:40:05,414 [main] INFO nopcommerce - Clicking Login Button
2022-11-03 13:40:08,285 [main] INFO nopcommerce - Verifying Dashboard
2022-11-03 13:40:08,298 [main] INFO nopcommerce - Click Customer Icon
2022-11-03 13:40:08,768 [main] INFO nopcommerce - Click Customer Menu
2022-11-03 13:40:10,822 [main] INFO nopcommerce - Enter Customer Comapny
2022-11-03 13:40:11,157 [main] INFO nopcommerce - Click on Search Button
2022-11-03 13:40:13,409 [main] INFO nopcommerce - Validating Comapny Record
2022-11-03 13:40:13,476 [main] INFO nopcommerce - Closing Browser
2022-11-03 13:40:14,183 [main] INFO nopcommerce - Launching Browser
2022-11-03 13:40:14,187 [main] INFO nopcommerce - Opening URL
2022-11-03 13:40:15,722 [main] INFO nopcommerce - Providing Username and Password
2022-11-03 13:40:15,911 [main] INFO nopcommerce - Clicking Login Button
2022-11-03 13:40:19,501 [main] INFO nopcommerce - Verifying Dashboard
2022-11-03 13:40:19,506 [main] INFO nopcommerce - Click Customer Icon
2022-11-03 13:40:19,851 [main] INFO nopcommerce - Click Customer Menu
2022-11-03 13:40:21,591 [main] INFO nopcommerce - Enter Customer Month
2022-11-03 13:40:21,856 [main] INFO nopcommerce - Enter Customer Date
2022-11-03 13:40:22,134 [main] INFO nopcommerce - Click on Search Button
2022-11-03 13:40:24,369 [main] INFO nopcommerce - Validating email Record
2022-11-03 13:40:24,419 [main] INFO nopcommerce - Closing Browser
2022-11-03 13:40:25,164 [main] INFO nopcommerce - Launching Browser
2022-11-03 13:40:25,165 [main] INFO nopcommerce - Opening URL
2022-11-03 13:40:25,937 [main] INFO nopcommerce - Providing Username and Password
2022-11-03 13:40:26,116 [main] INFO nopcommerce - Clicking Login Button
2022-11-03 13:40:28,436 [main] INFO nopcommerce - Verifying Dashboard
2022-11-03 13:40:28,448 [main] INFO nopcommerce - Click Customer Icon
2022-11-03 13:40:28,713 [main] INFO nopcommerce - Click Customer Menu
2022-11-03 13:40:30,274 [main] INFO nopcommerce - Enter Customer Role
2022-11-03 13:40:30,726 [main] INFO nopcommerce - Click on Search Button
2022-11-03 13:40:32,975 [main] INFO nopcommerce - Validating Customer Role Record
2022-11-03 13:40:33,453 [main] INFO nopcommerce - Closing Browser
2022-11-03 13:40:50,293 [main] INFO nopcommerce - Launching Browser
2022-11-03 13:40:50,296 [main] INFO nopcommerce - Opening URL
2022-11-03 13:40:51,788 [main] INFO nopcommerce - Providing Username and Password
2022-11-03 13:40:51,970 [main] INFO nopcommerce - Clicking Login Button
2022-11-03 13:40:56,400 [main] INFO nopcommerce - Verifying page Title
2022-11-03 13:40:56,408 [main] INFO nopcommerce - Logout Button
2022-11-03 13:40:58,135 [main] INFO nopcommerce - Verifying page Title2
2022-11-03 13:40:58,142 [main] INFO nopcommerce - Closing Browser
2022-11-03 13:41:14,930 [main] INFO nopcommerce - Launching Browser
2022-11-03 13:41:14,932 [main] INFO nopcommerce - Opening URL
2022-11-03 13:41:16,400 [main] INFO nopcommerce - Providing Username and Password
2022-11-03 13:41:16,592 [main] INFO nopcommerce - Clicking Login Button
2022-11-03 13:41:20,330 [main] INFO nopcommerce - Verifying page Title
2022-11-03 13:41:20,336 [main] INFO nopcommerce - Logout Button
2022-11-03 13:41:22,098 [main] INFO nopcommerce - Launching Browser
2022-11-03 13:41:22,100 [main] INFO nopcommerce - Opening URL
2022-11-03 13:41:23,548 [main] INFO nopcommerce - Providing Username and Password
2022-11-03 13:41:23,729 [main] INFO nopcommerce - Clicking Login Button
2022-11-03 13:41:24,878 [main] INFO nopcommerce - Verifying page Title
2022-11-03 13:56:47,317 [main] INFO nopcommerce - Launching Browser
2022-11-03 13:56:47,347 [main] INFO nopcommerce - Opening URL
2022-11-03 13:56:48,883 [main] INFO nopcommerce - Providing Username and Password
2022-11-03 13:56:49,083 [main] INFO nopcommerce - Clicking Login Button
2022-11-03 13:56:53,194 [main] INFO nopcommerce - Verifying page Title
2022-11-03 13:56:53,208 [main] INFO nopcommerce - Logout Button
2022-11-03 13:56:55,029 [main] INFO nopcommerce - Verifying page Title2
2022-11-03 13:56:55,038 [main] INFO nopcommerce - Closing Browser
2022-11-03 13:57:11,906 [main] INFO nopcommerce - Launching Browser
2022-11-03 13:57:11,907 [main] INFO nopcommerce - Opening URL
2022-11-03 13:57:13,370 [main] INFO nopcommerce - Providing Username and Password
2022-11-03 13:57:13,554 [main] INFO nopcommerce - Clicking Login Button
2022-11-03 13:57:17,111 [main] INFO nopcommerce - Verifying page Title
2022-11-03 13:57:17,122 [main] INFO nopcommerce - Logout Button
2022-11-03 13:57:18,899 [main] INFO nopcommerce - Verifying page Title2
2022-11-03 13:57:18,906 [main] INFO nopcommerce - Closing Browser
2022-11-03 13:57:35,745 [main] INFO nopcommerce - Launching Browser
2022-11-03 13:57:35,747 [main] INFO nopcommerce - Opening URL
2022-11-03 13:57:37,269 [main] INFO nopcommerce - Providing Username and Password
2022-11-03 13:57:37,450 [main] INFO nopcommerce - Clicking Login Button
2022-11-03 13:57:38,580 [main] INFO nopcommerce - Verifying page Title
2022-11-03 13:59:49,989 [main] INFO nopcommerce - Launching Browser
2022-11-03 13:59:50,015 [main] INFO nopcommerce - Opening URL
2022-11-03 13:59:51,501 [main] INFO nopcommerce - Providing Username and Password
2022-11-03 13:59:51,691 [main] INFO nopcommerce - Clicking Login Button
2022-11-03 13:59:56,152 [main] INFO nopcommerce - Verifying Dashboard
2022-11-03 13:59:56,165 [main] INFO nopcommerce - Click Customer Icon
2022-11-03 13:59:56,835 [main] INFO nopcommerce - Click Customer Menu
2022-11-03 13:59:58,494 [main] INFO nopcommerce - Click Add Button
2022-11-03 13:59:59,972 [main] INFO nopcommerce - View Customr Page
2022-11-03 13:59:59,984 [main] INFO nopcommerce - Adding Customer
2022-11-03 14:00:14,104 [main] INFO nopcommerce - Save Customer
2022-11-03 14:00:17,795 [main] INFO nopcommerce - View Confirmation Message
2022-11-03 14:00:17,949 [main] INFO nopcommerce - Closing Browser
2022-11-03 14:00:34,900 [main] INFO nopcommerce - Launching Browser
2022-11-03 14:00:34,905 [main] INFO nopcommerce - Opening URL
2022-11-03 14:00:35,674 [main] INFO nopcommerce - Providing Username and Password
2022-11-03 14:00:35,856 [main] INFO nopcommerce - Clicking Login Button
2022-11-03 14:00:38,291 [main] INFO nopcommerce - Verifying Dashboard
2022-11-03 14:00:38,304 [main] INFO nopcommerce - Click Customer Icon
2022-11-03 14:00:38,799 [main] INFO nopcommerce - Click Customer Menu
2022-11-03 14:00:40,507 [main] INFO nopcommerce - Enter Customer Email
2022-11-03 14:00:40,835 [main] INFO nopcommerce - Click on Search Button
2022-11-03 14:00:43,097 [main] INFO nopcommerce - Validating email Record
2022-11-03 14:00:43,164 [main] INFO nopcommerce - Closing Browser
2022-11-03 14:01:00,035 [main] INFO nopcommerce - Launching Browser
2022-11-03 14:01:00,038 [main] INFO nopcommerce - Opening URL
2022-11-03 14:01:00,786 [main] INFO nopcommerce - Providing Username and Password
2022-11-03 14:01:00,965 [main] INFO nopcommerce - Clicking Login Button
2022-11-03 14:01:03,804 [main] INFO nopcommerce - Verifying Dashboard
2022-11-03 14:01:03,810 [main] INFO nopcommerce - Click Customer Icon
2022-11-03 14:01:04,389 [main] INFO nopcommerce - Click Customer Menu
2022-11-03 14:01:06,083 [main] INFO nopcommerce - Enter Customer Fname
2022-11-03 14:01:06,387 [main] INFO nopcommerce - Enter Customer Lname
2022-11-03 14:01:06,642 [main] INFO nopcommerce - Click on Search Button
2022-11-03 14:01:08,898 [main] INFO nopcommerce - Validating Name Record
2022-11-03 14:01:09,621 [main] INFO nopcommerce - Launching Browser
2022-11-03 14:01:09,625 [main] INFO nopcommerce - Opening URL
2022-11-03 14:01:11,171 [main] INFO nopcommerce - Providing Username and Password
2022-11-03 14:01:11,366 [main] INFO nopcommerce - Clicking Login Button
2022-11-03 14:01:14,970 [main] INFO nopcommerce - Verifying Dashboard
2022-11-03 14:01:14,987 [main] INFO nopcommerce - Click Customer Icon
2022-11-03 14:01:15,328 [main] INFO nopcommerce - Click Customer Menu
2022-11-03 14:01:16,993 [main] INFO nopcommerce - Enter Customer Comapny
2022-11-03 14:01:17,319 [main] INFO nopcommerce - Click on Search Button
2022-11-03 14:01:19,587 [main] INFO nopcommerce - Validating Comapny Record
2022-11-03 14:01:19,681 [main] INFO nopcommerce - Closing Browser
2022-11-03 14:01:20,531 [main] INFO nopcommerce - Launching Browser
2022-11-03 14:01:20,533 [main] INFO nopcommerce - Opening URL
2022-11-03 14:01:21,374 [main] INFO nopcommerce - Providing Username and Password
2022-11-03 14:01:21,610 [main] INFO nopcommerce - Clicking Login Button
2022-11-03 14:01:24,804 [main] INFO nopcommerce - Verifying Dashboard
2022-11-03 14:01:24,811 [main] INFO nopcommerce - Click Customer Icon
2022-11-03 14:01:25,117 [main] INFO nopcommerce - Click Customer Menu
2022-11-03 14:01:27,507 [main] INFO nopcommerce - Enter Customer Month
2022-11-03 14:01:27,783 [main] INFO nopcommerce - Enter Customer Date
2022-11-03 14:01:28,072 [main] INFO nopcommerce - Click on Search Button
2022-11-03 14:01:30,338 [main] INFO nopcommerce - Validating email Record
2022-11-03 14:01:30,432 [main] INFO nopcommerce - Closing Browser
2022-11-03 14:01:31,279 [main] INFO nopcommerce - Launching Browser
2022-11-03 14:01:31,281 [main] INFO nopcommerce - Opening URL
2022-11-03 14:01:32,061 [main] INFO nopcommerce - Providing Username and Password
2022-11-03 14:01:32,245 [main] INFO nopcommerce - Clicking Login Button
2022-11-03 14:01:35,853 [main] INFO nopcommerce - Verifying Dashboard
2022-11-03 14:01:35,864 [main] INFO nopcommerce - Click Customer Icon
2022-11-03 14:01:36,276 [main] INFO nopcommerce - Click Customer Menu
2022-11-03 14:01:37,825 [main] INFO nopcommerce - Enter Customer Role
2022-11-03 14:01:38,163 [main] INFO nopcommerce - Click on Search Button
2022-11-03 14:01:40,411 [main] INFO nopcommerce - Validating Customer Role Record
2022-11-03 14:01:40,969 [main] INFO nopcommerce - Closing Browser
2022-11-03 14:01:41,750 [main] INFO nopcommerce - Launching Browser
2022-11-03 14:01:41,754 [main] INFO nopcommerce - Opening URL
2022-11-03 14:01:43,304 [main] INFO nopcommerce - Providing Username and Password
2022-11-03 14:01:43,496 [main] INFO nopcommerce - Clicking Login Button
2022-11-03 14:01:46,431 [main] INFO nopcommerce - Verifying page Title
2022-11-03 14:01:46,441 [main] INFO nopcommerce - Logout Button
2022-11-03 14:01:48,031 [main] INFO nopcommerce - Verifying page Title2
2022-11-03 14:01:48,038 [main] INFO nopcommerce - Closing Browser
2022-11-03 14:02:04,886 [main] INFO nopcommerce - Launching Browser
2022-11-03 14:02:04,887 [main] INFO nopcommerce - Opening URL
2022-11-03 14:02:06,449 [main] INFO nopcommerce - Providing Username and Password
2022-11-03 14:02:06,634 [main] INFO nopcommerce - Clicking Login Button
2022-11-03 14:02:10,753 [main] INFO nopcommerce - Verifying page Title
2022-11-03 14:02:10,764 [main] INFO nopcommerce - Logout Button
2022-11-03 14:02:12,240 [main] INFO nopcommerce - Verifying page Title2
2022-11-03 14:02:12,249 [main] INFO nopcommerce - Closing Browser
2022-11-03 14:02:29,086 [main] INFO nopcommerce - Launching Browser
2022-11-03 14:02:29,087 [main] INFO nopcommerce - Opening URL
2022-11-03 14:02:29,879 [main] INFO nopcommerce - Providing Username and Password
2022-11-03 14:02:30,057 [main] INFO nopcommerce - Clicking Login Button
2022-11-03 14:02:31,271 [main] INFO nopcommerce - Verifying page Title
2022-11-03 14:05:24,703 [main] INFO nopcommerce - Launching Browser
2022-11-03 14:05:24,727 [main] INFO nopcommerce - Opening URL
2022-11-03 14:05:25,517 [main] INFO nopcommerce - Providing Username and Password
2022-11-03 14:05:25,709 [main] INFO nopcommerce - Clicking Login Button
2022-11-03 14:05:29,182 [main] INFO nopcommerce - Verifying Dashboard
2022-11-03 14:05:29,203 [main] INFO nopcommerce - Click Customer Icon
2022-11-03 14:05:29,647 [main] INFO nopcommerce - Click Customer Menu
2022-11-03 14:05:31,345 [main] INFO nopcommerce - Click Add Button
2022-11-03 14:05:32,822 [main] INFO nopcommerce - View Customr Page
2022-11-03 14:05:32,830 [main] INFO nopcommerce - Adding Customer
2022-11-03 14:05:46,474 [main] INFO nopcommerce - Save Customer
2022-11-03 14:05:50,056 [main] INFO nopcommerce - View Confirmation Message
2022-11-03 14:05:50,222 [main] INFO nopcommerce - Closing Browser
2022-11-03 14:06:07,221 [main] INFO nopcommerce - Launching Browser
2022-11-03 14:06:07,224 [main] INFO nopcommerce - Opening URL
2022-11-03 14:06:08,867 [main] INFO nopcommerce - Providing Username and Password
2022-11-03 14:06:09,130 [main] INFO nopcommerce - Clicking Login Button
2022-11-03 14:06:12,752 [main] INFO nopcommerce - Verifying Dashboard
2022-11-03 14:06:12,764 [main] INFO nopcommerce - Click Customer Icon
2022-11-03 14:06:13,235 [main] INFO nopcommerce - Click Customer Menu
2022-11-03 14:06:15,018 [main] INFO nopcommerce - Enter Customer Email
2022-11-03 14:06:15,371 [main] INFO nopcommerce - Click on Search Button
2022-11-03 14:06:17,656 [main] INFO nopcommerce - Validating email Record
2022-11-03 14:06:17,703 [main] INFO nopcommerce - Closing Browser
2022-11-03 14:06:34,598 [main] INFO nopcommerce - Launching Browser
2022-11-03 14:06:34,600 [main] INFO nopcommerce - Opening URL
2022-11-03 14:06:36,087 [main] INFO nopcommerce - Providing Username and Password
2022-11-03 14:06:36,274 [main] INFO nopcommerce - Clicking Login Button
2022-11-03 14:06:39,973 [main] INFO nopcommerce - Verifying Dashboard
2022-11-03 14:06:39,983 [main] INFO nopcommerce - Click Customer Icon
2022-11-03 14:06:40,385 [main] INFO nopcommerce - Click Customer Menu
2022-11-03 14:06:42,281 [main] INFO nopcommerce - Enter Customer Fname
2022-11-03 14:06:42,605 [main] INFO nopcommerce - Enter Customer Lname
2022-11-03 14:06:42,921 [main] INFO nopcommerce - Click on Search Button
2022-11-03 14:06:45,191 [main] INFO nopcommerce - Validating Name Record
2022-11-03 14:06:45,245 [main] INFO nopcommerce - Closing Browser
2022-11-03 14:06:46,030 [main] INFO nopcommerce - Launching Browser
2022-11-03 14:06:46,032 [main] INFO nopcommerce - Opening URL
2022-11-03 14:06:47,526 [main] INFO nopcommerce - Providing Username and Password
2022-11-03 14:06:47,714 [main] INFO nopcommerce - Clicking Login Button
2022-11-03 14:06:49,876 [main] INFO nopcommerce - Verifying Dashboard
2022-11-03 14:06:49,891 [main] INFO nopcommerce - Click Customer Icon
2022-11-03 14:06:50,312 [main] INFO nopcommerce - Click Customer Menu
2022-11-03 14:06:52,287 [main] INFO nopcommerce - Enter Customer Comapny
2022-11-03 14:06:52,605 [main] INFO nopcommerce - Click on Search Button
2022-11-03 14:06:54,873 [main] INFO nopcommerce - Validating Comapny Record
2022-11-03 14:06:54,966 [main] INFO nopcommerce - Closing Browser
2022-11-03 14:07:11,851 [main] INFO nopcommerce - Launching Browser
2022-11-03 14:07:11,851 [main] INFO nopcommerce - Opening URL
2022-11-03 14:07:13,475 [main] INFO nopcommerce - Providing Username and Password
2022-11-03 14:07:13,668 [main] INFO nopcommerce - Clicking Login Button
2022-11-03 14:07:17,448 [main] INFO nopcommerce - Verifying Dashboard
2022-11-03 14:07:17,464 [main] INFO nopcommerce - Click Customer Icon
2022-11-03 14:07:17,956 [main] INFO nopcommerce - Click Customer Menu
2022-11-03 14:07:19,695 [main] INFO nopcommerce - Enter Customer Month
2022-11-03 14:07:20,095 [main] INFO nopcommerce - Enter Customer Date
2022-11-03 14:07:20,439 [main] INFO nopcommerce - Click on Search Button
2022-11-03 14:07:22,816 [main] INFO nopcommerce - Validating email Record
2022-11-03 14:07:22,914 [main] INFO nopcommerce - Closing Browser
2022-11-03 14:07:39,783 [main] INFO nopcommerce - Launching Browser
2022-11-03 14:07:39,785 [main] INFO nopcommerce - Opening URL
2022-11-03 14:07:40,558 [main] INFO nopcommerce - Providing Username and Password
2022-11-03 14:07:40,745 [main] INFO nopcommerce - Clicking Login Button
2022-11-03 14:07:45,022 [main] INFO nopcommerce - Verifying Dashboard
2022-11-03 14:07:45,032 [main] INFO nopcommerce - Click Customer Icon
2022-11-03 14:07:45,647 [main] INFO nopcommerce - Click Customer Menu
2022-11-03 14:07:47,468 [main] INFO nopcommerce - Enter Customer Role
2022-11-03 14:07:47,894 [main] INFO nopcommerce - Click on Search Button
2022-11-03 14:07:50,228 [main] INFO nopcommerce - Validating Customer Role Record
2022-11-03 14:07:50,944 [main] INFO nopcommerce - Closing Browser
2022-11-03 14:08:07,787 [main] INFO nopcommerce - Launching Browser
2022-11-03 14:08:07,788 [main] INFO nopcommerce - Opening URL
2022-11-03 14:08:09,305 [main] INFO nopcommerce - Providing Username and Password
2022-11-03 14:08:09,495 [main] INFO nopcommerce - Clicking Login Button
2022-11-03 14:08:11,605 [main] INFO nopcommerce - Verifying page Title
2022-11-03 14:08:11,620 [main] INFO nopcommerce - Logout Button
2022-11-03 14:08:13,065 [main] INFO nopcommerce - Verifying page Title2
2022-11-03 14:08:13,072 [main] INFO nopcommerce - Closing Browser
2022-11-03 14:08:29,919 [main] INFO nopcommerce - Launching Browser
2022-11-03 14:08:29,922 [main] INFO nopcommerce - Opening URL
2022-11-03 14:08:31,448 [main] INFO nopcommerce - Providing Username and Password
2022-11-03 14:08:31,663 [main] INFO nopcommerce - Clicking Login Button
2022-11-03 14:08:34,737 [main] INFO nopcommerce - Verifying page Title
2022-11-03 14:08:34,746 [main] INFO nopcommerce - Logout Button
2022-11-03 14:08:36,140 [main] INFO nopcommerce - Verifying page Title2
2022-11-03 14:08:36,148 [main] INFO nopcommerce - Closing Browser
2022-11-03 14:08:53,007 [main] INFO nopcommerce - Launching Browser
2022-11-03 14:08:53,008 [main] INFO nopcommerce - Opening URL
2022-11-03 14:08:53,758 [main] INFO nopcommerce - Providing Username and Password
2022-11-03 14:08:53,947 [main] INFO nopcommerce - Clicking Login Button
2022-11-03 14:08:55,113 [main] INFO nopcommerce - Verifying page Title
2022-11-06 20:10:50,514 [main] INFO nopcommerce - Launching Browser
2022-11-06 20:10:50,529 [main] INFO nopcommerce - Opening URL
2022-11-06 20:10:53,234 [main] INFO nopcommerce - Login
2022-11-06 20:10:53,571 [main] INFO nopcommerce - Verify Title
2022-11-06 20:13:27,803 [main] INFO nopcommerce - Launching Browser
2022-11-06 20:13:27,818 [main] INFO nopcommerce - Opening URL
2022-11-06 20:13:30,286 [main] INFO nopcommerce - Login
2022-11-06 20:13:57,802 [main] INFO nopcommerce - Launching Browser
2022-11-06 20:13:57,821 [main] INFO nopcommerce - Opening URL
2022-11-06 20:14:00,325 [main] INFO nopcommerce - Login
2022-11-06 20:15:11,443 [main] INFO nopcommerce - Verify Title
2022-11-06 20:15:11,461 [main] INFO nopcommerce - SalesIcon
2022-11-06 20:15:11,960 [main] INFO nopcommerce - OrderMenu
2022-11-06 20:15:12,695 [main] INFO nopcommerce - Closing Browser
2022-11-06 20:15:51,841 [main] INFO nopcommerce - Launching Browser
2022-11-06 20:15:51,849 [main] INFO nopcommerce - Opening URL
2022-11-06 20:15:54,118 [main] INFO nopcommerce - Login
2022-11-06 20:15:57,502 [main] INFO nopcommerce - Verify Title
2022-11-06 20:15:57,520 [main] INFO nopcommerce - SalesIcon
2022-11-06 20:15:58,002 [main] INFO nopcommerce - OrderMenu
2022-11-06 20:15:58,793 [main] INFO nopcommerce - Closing Browser
2022-11-06 20:16:11,001 [main] INFO nopcommerce - Launching Browser
2022-11-06 20:16:11,012 [main] INFO nopcommerce - Opening URL
2022-11-06 20:16:13,475 [main] INFO nopcommerce - Login
2022-11-06 20:16:16,821 [main] INFO nopcommerce - Verify Title
2022-11-06 20:16:16,839 [main] INFO nopcommerce - SalesIcon
2022-11-06 20:16:17,301 [main] INFO nopcommerce - OrderMenu
2022-11-06 20:16:18,076 [main] INFO nopcommerce - Closing Browser
2022-11-06 20:57:14,719 [main] INFO nopcommerce - Launching Browser
2022-11-06 20:57:14,730 [main] INFO nopcommerce - Opening URL
2022-11-06 20:57:19,520 [main] INFO nopcommerce - Login
2022-11-06 20:57:22,928 [main] INFO nopcommerce - Verify Title
2022-11-06 20:57:22,944 [main] INFO nopcommerce - SalesIcon
2022-11-06 20:57:23,390 [main] INFO nopcommerce - OrderMenu
2022-11-06 20:57:45,271 [main] INFO nopcommerce - Launching Browser
2022-11-06 20:57:45,282 [main] INFO nopcommerce - Opening URL
2022-11-06 20:57:48,818 [main] INFO nopcommerce - Login
2022-11-06 20:57:52,266 [main] INFO nopcommerce - Verify Title
2022-11-06 20:57:52,283 [main] INFO nopcommerce - SalesIcon
2022-11-06 20:57:52,722 [main] INFO nopcommerce - OrderMenu
2022-11-06 21:00:54,182 [main] INFO nopcommerce - Launching Browser
2022-11-06 21:00:54,197 [main] INFO nopcommerce - Opening URL
2022-11-06 21:00:56,820 [main] INFO nopcommerce - Login
2022-11-06 21:01:00,288 [main] INFO nopcommerce - Verify Title
2022-11-06 21:01:00,312 [main] INFO nopcommerce - SalesIcon
2022-11-06 21:01:00,805 [main] INFO nopcommerce - OrderMenu
2022-11-06 21:01:28,310 [main] INFO nopcommerce - Launching Browser
2022-11-06 21:01:28,320 [main] INFO nopcommerce - Opening URL
2022-11-06 21:01:31,062 [main] INFO nopcommerce - Login
2022-11-06 21:01:35,337 [main] INFO nopcommerce - Verify Title
2022-11-06 21:01:35,354 [main] INFO nopcommerce - SalesIcon
2022-11-06 21:01:35,808 [main] INFO nopcommerce - OrderMenu
2022-11-06 21:05:09,408 [main] INFO nopcommerce - Launching Browser
2022-11-06 21:05:09,421 [main] INFO nopcommerce - Opening URL
2022-11-06 21:05:12,724 [main] INFO nopcommerce - Login
2022-11-06 21:05:16,150 [main] INFO nopcommerce - Verify Title
2022-11-06 21:05:16,178 [main] INFO nopcommerce - SalesIcon
2022-11-06 21:05:16,598 [main] INFO nopcommerce - OrderMenu
2022-11-06 21:06:21,805 [main] INFO nopcommerce - Launching Browser
2022-11-06 21:06:21,818 [main] INFO nopcommerce - Opening URL
2022-11-06 21:06:24,205 [main] INFO nopcommerce - Login
2022-11-06 21:06:27,587 [main] INFO nopcommerce - Verify Title
2022-11-06 21:06:27,601 [main] INFO nopcommerce - SalesIcon
2022-11-06 21:06:35,301 [main] INFO nopcommerce - Launching Browser
2022-11-06 21:06:35,310 [main] INFO nopcommerce - Opening URL
2022-11-06 21:06:38,041 [main] INFO nopcommerce - Login
2022-11-06 21:06:41,533 [main] INFO nopcommerce - Verify Title
2022-11-06 21:06:41,567 [main] INFO nopcommerce - SalesIcon
2022-11-06 21:06:41,999 [main] INFO nopcommerce - OrderMenu
2022-11-06 21:07:18,118 [main] INFO nopcommerce - Launching Browser
2022-11-06 21:07:18,137 [main] INFO nopcommerce - Opening URL
2022-11-06 21:07:21,058 [main] INFO nopcommerce - Login
2022-11-06 21:07:25,137 [main] INFO nopcommerce - Verify Title
2022-11-06 21:07:25,157 [main] INFO nopcommerce - SalesIcon
2022-11-06 21:07:25,622 [main] INFO nopcommerce - OrderMenu
2022-11-06 21:07:43,243 [main] INFO nopcommerce - Closing Browser
2022-11-06 21:08:04,060 [main] INFO nopcommerce - Launching Browser
2022-11-06 21:08:04,075 [main] INFO nopcommerce - Opening URL
2022-11-06 21:08:06,862 [main] INFO nopcommerce - Login
2022-11-06 21:08:10,319 [main] INFO nopcommerce - Verify Title
2022-11-06 21:08:10,335 [main] INFO nopcommerce - SalesIcon
2022-11-06 21:08:10,779 [main] INFO nopcommerce - OrderMenu
2022-11-06 21:08:28,475 [main] INFO nopcommerce - Closing Browser
2022-11-06 21:11:06,344 [main] INFO nopcommerce - Launching Browser
2022-11-06 21:11:06,352 [main] INFO nopcommerce - Opening URL
2022-11-06 21:11:09,638 [main] INFO nopcommerce - Login
2022-11-06 21:11:13,064 [main] INFO nopcommerce - Verify Title
2022-11-06 21:11:13,085 [main] INFO nopcommerce - SalesIcon
2022-11-06 21:11:13,553 [main] INFO nopcommerce - OrderMenu
2022-11-06 21:11:31,390 [main] INFO nopcommerce - Closing Browser
2022-11-06 21:13:05,684 [main] INFO nopcommerce - Launching Browser
2022-11-06 21:13:05,694 [main] INFO nopcommerce - Opening URL
2022-11-06 21:13:08,571 [main] INFO nopcommerce - Login
2022-11-06 21:13:11,974 [main] INFO nopcommerce - Verify Title
2022-11-06 21:13:11,991 [main] INFO nopcommerce - SalesIcon
2022-11-06 21:13:12,481 [main] INFO nopcommerce - OrderMenu
2022-11-06 21:13:30,222 [main] INFO nopcommerce - Closing Browser
2022-11-06 21:13:44,666 [main] INFO nopcommerce - Launching Browser
2022-11-06 21:13:44,679 [main] INFO nopcommerce - Opening URL
2022-11-06 21:13:47,348 [main] INFO nopcommerce - Login
2022-11-06 21:13:50,705 [main] INFO nopcommerce - Verify Title
2022-11-06 21:13:50,720 [main] INFO nopcommerce - SalesIcon
2022-11-06 21:13:51,140 [main] INFO nopcommerce - OrderMenu
2022-11-06 21:15:16,624 [main] INFO nopcommerce - Closing Browser
2022-11-06 21:17:14,634 [main] INFO nopcommerce - Launching Browser
2022-11-06 21:17:14,643 [main] INFO nopcommerce - Opening URL
2022-11-06 21:17:16,829 [main] INFO nopcommerce - Login
2022-11-06 21:17:20,294 [main] INFO nopcommerce - Verify Title
2022-11-06 21:17:20,310 [main] INFO nopcommerce - SalesIcon
2022-11-06 21:17:20,765 [main] INFO nopcommerce - OrderMenu
2022-11-06 21:17:38,450 [main] INFO nopcommerce - Closing Browser
2022-11-06 21:19:19,313 [main] INFO nopcommerce - Launching Browser
2022-11-06 21:19:19,325 [main] INFO nopcommerce - Opening URL
2022-11-06 21:19:22,228 [main] INFO nopcommerce - Login
2022-11-06 21:19:25,687 [main] INFO nopcommerce - Verify Title
2022-11-06 21:19:25,705 [main] INFO nopcommerce - SalesIcon
2022-11-06 21:19:26,117 [main] INFO nopcommerce - OrderMenu
2022-11-06 21:19:43,742 [main] INFO nopcommerce - Closing Browser
2022-11-06 21:19:59,736 [main] INFO nopcommerce - Launching Browser
2022-11-06 21:19:59,748 [main] INFO nopcommerce - Opening URL
2022-11-06 21:20:02,266 [main] INFO nopcommerce - Login
2022-11-06 21:20:05,694 [main] INFO nopcommerce - Verify Title
2022-11-06 21:20:05,708 [main] INFO nopcommerce - SalesIcon
2022-11-06 21:20:06,163 [main] INFO nopcommerce - OrderMenu
2022-11-06 21:20:23,810 [main] INFO nopcommerce - Closing Browser
2022-11-06 21:26:28,829 [main] INFO nopcommerce - Launching Browser
2022-11-06 21:26:28,840 [main] INFO nopcommerce - Opening URL
2022-11-06 21:26:31,868 [main] INFO nopcommerce - Login
2022-11-06 21:26:35,304 [main] INFO nopcommerce - Verify Title
2022-11-06 21:26:35,319 [main] INFO nopcommerce - SalesIcon
2022-11-06 21:26:35,739 [main] INFO nopcommerce - OrderMenu
2022-11-06 21:27:56,760 [main] INFO nopcommerce - Launching Browser
2022-11-06 21:27:56,770 [main] INFO nopcommerce - Opening URL
2022-11-06 21:27:59,164 [main] INFO nopcommerce - Login
2022-11-06 21:28:02,710 [main] INFO nopcommerce - Verify Title
2022-11-06 21:28:02,724 [main] INFO nopcommerce - SalesIcon
2022-11-06 21:28:03,201 [main] INFO nopcommerce - OrderMenu
2022-11-06 21:30:51,390 [main] INFO nopcommerce - Launching Browser
2022-11-06 21:30:51,402 [main] INFO nopcommerce - Opening URL
2022-11-06 21:30:54,024 [main] INFO nopcommerce - Login
2022-11-06 21:30:58,111 [main] INFO nopcommerce - Verify Title
2022-11-06 21:30:58,130 [main] INFO nopcommerce - SalesIcon
2022-11-06 21:30:58,538 [main] INFO nopcommerce - OrderMenu
2022-11-06 21:32:27,124 [main] INFO nopcommerce - Launching Browser
2022-11-06 21:32:27,132 [main] INFO nopcommerce - Opening URL
2022-11-06 21:32:29,916 [main] INFO nopcommerce - Login
2022-11-06 21:32:33,324 [main] INFO nopcommerce - Verify Title
2022-11-06 21:32:33,340 [main] INFO nopcommerce - SalesIcon
2022-11-06 21:32:33,785 [main] INFO nopcommerce - OrderMenu
2022-11-06 21:33:20,796 [main] INFO nopcommerce - Launching Browser
2022-11-06 21:33:20,806 [main] INFO nopcommerce - Opening URL
2022-11-06 21:33:23,870 [main] INFO nopcommerce - Login
2022-11-06 21:33:27,932 [main] INFO nopcommerce - Verify Title
2022-11-06 21:33:27,953 [main] INFO nopcommerce - SalesIcon
2022-11-06 21:33:28,387 [main] INFO nopcommerce - OrderMenu
2022-11-06 21:34:34,510 [main] INFO nopcommerce - Launching Browser
2022-11-06 21:34:34,516 [main] INFO nopcommerce - Opening URL
2022-11-06 21:34:37,358 [main] INFO nopcommerce - Login
2022-11-06 21:34:41,477 [main] INFO nopcommerce - Verify Title
2022-11-06 21:34:41,492 [main] INFO nopcommerce - SalesIcon
2022-11-06 21:34:41,950 [main] INFO nopcommerce - OrderMenu
2022-11-06 21:37:23,900 [main] INFO nopcommerce - Launching Browser
2022-11-06 21:37:23,916 [main] INFO nopcommerce - Opening URL
2022-11-06 21:37:26,351 [main] INFO nopcommerce - Login
2022-11-06 21:37:29,738 [main] INFO nopcommerce - Verify Title
2022-11-06 21:37:29,753 [main] INFO nopcommerce - SalesIcon
2022-11-06 21:37:30,212 [main] INFO nopcommerce - OrderMenu
2022-11-06 21:39:37,058 [main] INFO nopcommerce - Launching Browser
2022-11-06 21:39:37,069 [main] INFO nopcommerce - Opening URL
2022-11-06 21:39:39,877 [main] INFO nopcommerce - Login
2022-11-06 21:39:43,355 [main] INFO nopcommerce - Verify Title
2022-11-06 21:39:43,373 [main] INFO nopcommerce - SalesIcon
2022-11-06 21:39:43,825 [main] INFO nopcommerce - OrderMenu
2022-11-06 21:49:39,806 [main] INFO nopcommerce - Launching Browser
2022-11-06 21:49:39,818 [main] INFO nopcommerce - Opening URL
2022-11-06 21:49:42,386 [main] INFO nopcommerce - Login
2022-11-06 21:49:45,774 [main] INFO nopcommerce - Verify Title
2022-11-06 21:49:45,794 [main] INFO nopcommerce - SalesIcon
2022-11-06 21:49:46,306 [main] INFO nopcommerce - OrderMenu
2022-11-06 21:51:55,884 [main] INFO nopcommerce - Launching Browser
2022-11-06 21:51:55,892 [main] INFO nopcommerce - Opening URL
2022-11-06 21:51:58,593 [main] INFO nopcommerce - Login
2022-11-06 21:52:01,966 [main] INFO nopcommerce - Verify Title
2022-11-06 21:52:01,986 [main] INFO nopcommerce - SalesIcon
2022-11-06 21:52:02,479 [main] INFO nopcommerce - OrderMenu
2022-11-06 21:53:05,366 [main] INFO nopcommerce - Launching Browser
2022-11-06 21:53:05,382 [main] INFO nopcommerce - Opening URL
2022-11-06 21:53:07,793 [main] INFO nopcommerce - Login
2022-11-06 21:53:11,236 [main] INFO nopcommerce - Verify Title
2022-11-06 21:53:11,257 [main] INFO nopcommerce - SalesIcon
2022-11-06 21:53:11,717 [main] INFO nopcommerce - OrderMenu
2022-11-06 21:56:32,885 [main] INFO nopcommerce - Launching Browser
2022-11-06 21:56:32,894 [main] INFO nopcommerce - Opening URL
2022-11-06 21:56:35,459 [main] INFO nopcommerce - Login
2022-11-06 21:56:38,865 [main] INFO nopcommerce - Verify Title
2022-11-06 21:56:38,879 [main] INFO nopcommerce - SalesIcon
2022-11-06 21:56:39,302 [main] INFO nopcommerce - OrderMenu
2022-11-06 21:57:40,198 [main] INFO nopcommerce - Launching Browser
2022-11-06 21:57:40,217 [main] INFO nopcommerce - Opening URL
2022-11-06 21:57:42,995 [main] INFO nopcommerce - Login
2022-11-06 21:57:46,371 [main] INFO nopcommerce - Verify Title
2022-11-06 21:57:46,391 [main] INFO nopcommerce - SalesIcon
2022-11-06 21:57:46,831 [main] INFO nopcommerce - OrderMenu
2022-11-06 22:00:13,787 [main] INFO nopcommerce - Launching Browser
2022-11-06 22:00:13,797 [main] INFO nopcommerce - Opening URL
2022-11-06 22:00:16,396 [main] INFO nopcommerce - Login
2022-11-06 22:00:20,399 [main] INFO nopcommerce - Verify Title
2022-11-06 22:00:20,413 [main] INFO nopcommerce - SalesIcon
2022-11-06 22:00:20,797 [main] INFO nopcommerce - OrderMenu
2022-11-06 22:05:06,562 [main] INFO nopcommerce - Launching Browser
2022-11-06 22:05:06,581 [main] INFO nopcommerce - Opening URL
2022-11-06 22:05:09,600 [main] INFO nopcommerce - Login
2022-11-06 22:05:13,041 [main] INFO nopcommerce - Verify Title
2022-11-06 22:05:13,057 [main] INFO nopcommerce - SalesIcon
2022-11-06 22:05:13,476 [main] INFO nopcommerce - OrderMenu
2022-11-06 22:11:58,888 [main] INFO nopcommerce - Launching Browser
2022-11-06 22:11:58,905 [main] INFO nopcommerce - Opening URL
2022-11-06 22:12:01,943 [main] INFO nopcommerce - Login
2022-11-06 22:12:05,364 [main] INFO nopcommerce - Verify Title
2022-11-06 22:12:05,386 [main] INFO nopcommerce - SalesIcon
2022-11-06 22:12:05,940 [main] INFO nopcommerce - OrderMenu
2022-11-06 22:14:56,590 [main] INFO nopcommerce - Launching Browser
2022-11-06 22:14:56,605 [main] INFO nopcommerce - Opening URL
2022-11-06 22:14:59,909 [main] INFO nopcommerce - Login
2022-11-06 22:15:03,317 [main] INFO nopcommerce - Verify Title
2022-11-06 22:15:03,336 [main] INFO nopcommerce - SalesIcon
2022-11-06 22:15:03,776 [main] INFO nopcommerce - OrderMenu
2022-11-06 22:17:12,337 [main] INFO nopcommerce - Launching Browser
2022-11-06 22:17:12,344 [main] INFO nopcommerce - Opening URL
2022-11-06 22:17:15,110 [main] INFO nopcommerce - Login
2022-11-06 22:17:18,529 [main] INFO nopcommerce - Verify Title
2022-11-06 22:17:18,546 [main] INFO nopcommerce - SalesIcon
2022-11-06 22:17:19,005 [main] INFO nopcommerce - OrderMenu
2022-11-06 22:18:23,110 [main] INFO nopcommerce - Closing Browser
2022-11-06 22:26:08,219 [main] INFO nopcommerce - Launching Browser
2022-11-06 22:26:08,232 [main] INFO nopcommerce - Opening URL
2022-11-06 22:26:11,400 [main] INFO nopcommerce - Login
2022-11-06 22:26:14,842 [main] INFO nopcommerce - Verify Title
2022-11-06 22:26:14,865 [main] INFO nopcommerce - SalesIcon
2022-11-06 22:26:15,339 [main] INFO nopcommerce - OrderMenu
2022-11-06 22:26:55,336 [main] INFO nopcommerce - Closing Browser
2022-11-06 22:28:06,060 [main] INFO nopcommerce - Launching Browser
2022-11-06 22:28:06,076 [main] INFO nopcommerce - Opening URL
2022-11-06 22:28:09,267 [main] INFO nopcommerce - Login
2022-11-06 22:28:13,395 [main] INFO nopcommerce - Verify Title
2022-11-06 22:28:13,411 [main] INFO nopcommerce - SalesIcon
2022-11-06 22:28:13,940 [main] INFO nopcommerce - OrderMenu
2022-11-06 22:30:03,971 [main] INFO nopcommerce - Launching Browser
2022-11-06 22:30:03,990 [main] INFO nopcommerce - Opening URL
2022-11-06 22:30:05,883 [main] INFO nopcommerce - Login
2022-11-06 22:30:09,303 [main] INFO nopcommerce - Verify Title
2022-11-06 22:30:09,319 [main] INFO nopcommerce - SalesIcon
2022-11-06 22:30:09,729 [main] INFO nopcommerce - OrderMenu
2022-11-06 22:33:01,760 [main] INFO nopcommerce - Closing Browser
2022-11-06 22:33:10,940 [main] INFO nopcommerce - Launching Browser
2022-11-06 22:33:10,952 [main] INFO nopcommerce - Opening URL
2022-11-06 22:33:13,414 [main] INFO nopcommerce - Login
2022-11-06 22:33:16,919 [main] INFO nopcommerce - Verify Title
2022-11-06 22:33:16,934 [main] INFO nopcommerce - SalesIcon
2022-11-06 22:33:17,354 [main] INFO nopcommerce - OrderMenu
2022-11-06 22:37:39,151 [main] INFO nopcommerce - Launching Browser
2022-11-06 22:37:39,163 [main] INFO nopcommerce - Opening URL
2022-11-06 22:37:42,018 [main] INFO nopcommerce - Login
2022-11-06 22:37:45,468 [main] INFO nopcommerce - Verify Title
2022-11-06 22:37:45,485 [main] INFO nopcommerce - SalesIcon
2022-11-06 22:37:46,017 [main] INFO nopcommerce - OrderMenu
2022-11-06 22:38:47,274 [main] INFO nopcommerce - Closing Browser
2022-11-06 22:44:09,709 [main] INFO nopcommerce - Launching Browser
2022-11-06 22:44:09,720 [main] INFO nopcommerce - Opening URL
2022-11-06 22:44:11,940 [main] INFO nopcommerce - Login
2022-11-06 22:44:15,366 [main] INFO nopcommerce - Verify Title
2022-11-06 22:44:15,389 [main] INFO nopcommerce - SalesIcon
2022-11-06 22:44:15,733 [main] INFO nopcommerce - OrderMenu
2022-11-06 22:45:13,993 [main] INFO nopcommerce - Closing Browser
2022-11-08 19:33:04,284 [main] INFO nopcommerce - Launching Browser
2022-11-08 19:33:04,344 [main] INFO nopcommerce - Opening URL
2022-11-08 19:33:06,752 [main] INFO nopcommerce - Providing Username and Password
2022-11-08 19:33:07,479 [main] INFO nopcommerce - Clicking Login Button
2022-11-08 19:33:11,494 [main] INFO nopcommerce - Verifying Dashboard
2022-11-08 19:33:11,517 [main] INFO nopcommerce - Click Customer Icon
2022-11-08 19:33:12,061 [main] INFO nopcommerce - Click Customer Menu
2022-11-09 16:12:29,259 [main] INFO nopcommerce - Launching Browser
2022-11-09 16:12:29,292 [main] INFO nopcommerce - Opening URL
2022-11-09 16:12:32,767 [main] INFO nopcommerce - Providing Username and Password
2022-11-09 16:12:33,388 [main] INFO nopcommerce - Clicking Login Button
2022-11-09 16:12:38,747 [main] INFO nopcommerce - Verifying Dashboard
2022-11-09 16:12:38,775 [main] INFO nopcommerce - Click Customer Icon
2022-11-09 16:12:39,218 [main] INFO nopcommerce - Click Customer Menu
2022-11-09 16:12:44,179 [main] INFO nopcommerce - Click Add Button
2022-11-09 16:12:48,391 [main] INFO nopcommerce - View Customr Page
2022-11-09 16:12:48,399 [main] INFO nopcommerce - Adding Customer
2022-11-09 16:13:02,575 [main] INFO nopcommerce - Save Customer
2022-11-09 16:13:06,490 [main] INFO nopcommerce - View Confirmation Message
2022-11-09 16:13:06,768 [main] INFO nopcommerce - Closing Browser
2022-11-09 16:13:23,743 [main] INFO nopcommerce - Launching Browser
2022-11-09 16:13:23,746 [main] INFO nopcommerce - Opening URL
2022-11-09 16:13:25,520 [main] INFO nopcommerce - Providing Username and Password
2022-11-09 16:13:26,033 [main] INFO nopcommerce - Clicking Login Button
2022-11-09 16:13:30,585 [main] INFO nopcommerce - Verifying Dashboard
2022-11-09 16:13:30,599 [main] INFO nopcommerce - Click Customer Icon
2022-11-09 16:13:30,946 [main] INFO nopcommerce - Click Customer Menu
2022-11-09 16:13:33,031 [main] INFO nopcommerce - Enter Customer Email
2022-11-09 16:13:33,412 [main] INFO nopcommerce - Click on Search Button
2022-11-09 16:13:35,676 [main] INFO nopcommerce - Validating email Record
2022-11-09 16:13:36,443 [main] INFO nopcommerce - Launching Browser
2022-11-09 16:13:36,445 [main] INFO nopcommerce - Opening URL
2022-11-09 16:13:38,094 [main] INFO nopcommerce - Providing Username and Password
2022-11-09 16:13:38,619 [main] INFO nopcommerce - Clicking Login Button
2022-11-09 16:13:42,463 [main] INFO nopcommerce - Verifying Dashboard
2022-11-09 16:13:42,472 [main] INFO nopcommerce - Click Customer Icon
2022-11-09 16:13:42,762 [main] INFO nopcommerce - Click Customer Menu
2022-11-09 16:13:45,373 [main] INFO nopcommerce - Enter Customer Fname
2022-11-09 16:13:45,687 [main] INFO nopcommerce - Enter Customer Lname
2022-11-09 16:13:45,975 [main] INFO nopcommerce - Click on Search Button
2022-11-09 16:13:48,234 [main] INFO nopcommerce - Validating Name Record
2022-11-09 16:13:48,984 [main] INFO nopcommerce - Launching Browser
2022-11-09 16:13:48,987 [main] INFO nopcommerce - Opening URL
2022-11-09 16:13:50,893 [main] INFO nopcommerce - Providing Username and Password
2022-11-09 16:13:51,409 [main] INFO nopcommerce - Clicking Login Button
2022-11-09 16:13:57,256 [main] INFO nopcommerce - Verifying Dashboard
2022-11-09 16:13:57,270 [main] INFO nopcommerce - Click Customer Icon
2022-11-09 16:13:57,608 [main] INFO nopcommerce - Click Customer Menu
2022-11-09 16:14:00,565 [main] INFO nopcommerce - Enter Customer Comapny
2022-11-09 16:14:00,961 [main] INFO nopcommerce - Click on Search Button
2022-11-09 16:14:03,283 [main] INFO nopcommerce - Validating Comapny Record
2022-11-09 16:14:04,037 [main] INFO nopcommerce - Launching Browser
2022-11-09 16:14:04,039 [main] INFO nopcommerce - Opening URL
2022-11-09 16:14:05,733 [main] INFO nopcommerce - Providing Username and Password
2022-11-09 16:14:06,286 [main] INFO nopcommerce - Clicking Login Button
2022-11-09 16:14:12,137 [main] INFO nopcommerce - Verifying Dashboard
2022-11-09 16:14:12,177 [main] INFO nopcommerce - Click Customer Icon
2022-11-09 16:14:12,527 [main] INFO nopcommerce - Click Customer Menu
2022-11-09 16:14:16,325 [main] INFO nopcommerce - Enter Customer Month
2022-11-09 16:14:16,683 [main] INFO nopcommerce - Enter Customer Date
2022-11-09 16:14:17,014 [main] INFO nopcommerce - Click on Search Button
2022-11-09 16:14:19,325 [main] INFO nopcommerce - Validating email Record
2022-11-09 16:14:20,187 [main] INFO nopcommerce - Launching Browser
2022-11-09 16:14:20,189 [main] INFO nopcommerce - Opening URL
2022-11-09 16:14:23,006 [main] INFO nopcommerce - Providing Username and Password
2022-11-09 16:14:23,517 [main] INFO nopcommerce - Clicking Login Button
2022-11-09 16:14:31,697 [main] INFO nopcommerce - Verifying Dashboard
2022-11-09 16:14:31,707 [main] INFO nopcommerce - Click Customer Icon
2022-11-09 16:14:32,011 [main] INFO nopcommerce - Click Customer Menu
2022-11-09 16:14:35,828 [main] INFO nopcommerce - Enter Customer Role
2022-11-09 16:14:36,237 [main] INFO nopcommerce - Click on Search Button
2022-11-09 16:14:38,500 [main] INFO nopcommerce - Validating Customer Role Record
2022-11-09 16:14:38,988 [main] INFO nopcommerce - Closing Browser
2022-11-09 16:14:56,536 [main] INFO nopcommerce - Launching Browser
2022-11-09 16:14:56,537 [main] INFO nopcommerce - Opening URL
2022-11-09 16:14:59,451 [main] INFO nopcommerce - Login
2022-11-09 16:15:02,813 [main] INFO nopcommerce - Verify Title
2022-11-09 16:15:02,826 [main] INFO nopcommerce - SalesIcon
2022-11-09 16:15:03,285 [main] INFO nopcommerce - OrderMenu
2022-11-09 16:16:02,086 [main] INFO nopcommerce - Closing Browser
2022-11-09 16:16:19,001 [main] INFO nopcommerce - Launching Browser
2022-11-09 16:16:19,004 [main] INFO nopcommerce - Opening URL
2022-11-09 16:16:20,704 [main] INFO nopcommerce - Providing Username and Password
2022-11-09 16:16:21,197 [main] INFO nopcommerce - Clicking Login Button
2022-11-09 16:16:24,646 [main] INFO nopcommerce - Verifying page Title
2022-11-09 16:16:24,657 [main] INFO nopcommerce - Logout Button
2022-11-09 16:16:26,832 [main] INFO nopcommerce - Verifying page Title2
2022-11-09 16:16:26,841 [main] INFO nopcommerce - Closing Browser
2022-11-09 16:16:43,748 [main] INFO nopcommerce - Launching Browser
2022-11-09 16:16:43,750 [main] INFO nopcommerce - Opening URL
2022-11-09 16:16:45,371 [main] INFO nopcommerce - Providing Username and Password
2022-11-09 16:16:45,834 [main] INFO nopcommerce - Clicking Login Button
2022-11-09 16:16:51,478 [main] INFO nopcommerce - Verifying page Title
2022-11-09 16:16:51,485 [main] INFO nopcommerce - Logout Button
2022-11-09 16:16:53,244 [main] INFO nopcommerce - Verifying page Title2
2022-11-09 16:16:53,250 [main] INFO nopcommerce - Closing Browser
2022-11-09 16:17:10,117 [main] INFO nopcommerce - Launching Browser
2022-11-09 16:17:10,118 [main] INFO nopcommerce - Opening URL
2022-11-09 16:17:12,276 [main] INFO nopcommerce - Providing Username and Password
2022-11-09 16:17:12,804 [main] INFO nopcommerce - Clicking Login Button
2022-11-09 16:17:14,360 [main] INFO nopcommerce - Verifying page Title
2022-11-09 17:59:53,112 [main] INFO nopcommerce - Launching Browser
2022-11-09 18:01:10,590 [main] INFO nopcommerce - Launching Browser
2022-11-09 18:05:00,396 [main] INFO nopcommerce - Launching Browser
2022-11-09 18:05:00,430 [main] INFO nopcommerce - Opening URL
2022-11-09 18:05:02,566 [main] INFO nopcommerce - Searching Product
2022-11-09 18:05:03,786 [main] INFO nopcommerce - Click on Link
2022-11-09 18:05:04,179 [main] INFO nopcommerce - Verifying Title
2022-11-09 18:05:04,197 [main] INFO nopcommerce - Searching Product
2022-11-09 18:12:49,109 [main] INFO nopcommerce - Launching Browser
2022-11-09 18:12:49,145 [main] INFO nopcommerce - Opening URL
2022-11-09 18:12:52,268 [main] INFO nopcommerce - Searching Product
2022-11-09 18:12:53,519 [main] INFO nopcommerce - Click on Link
2022-11-09 18:12:53,949 [main] INFO nopcommerce - Verifying Title
2022-11-09 18:12:53,966 [main] INFO nopcommerce - Searching Product
2022-11-09 18:14:25,700 [main] INFO nopcommerce - Launching Browser
2022-11-09 18:14:25,739 [main] INFO nopcommerce - Opening URL
2022-11-09 18:14:27,802 [main] INFO nopcommerce - Searching Product
2022-11-09 18:14:29,107 [main] INFO nopcommerce - Click on Link
2022-11-09 18:14:29,611 [main] INFO nopcommerce - Verifying Title
2022-11-09 18:14:29,629 [main] INFO nopcommerce - Searching Product
2022-11-09 18:19:15,145 [main] INFO nopcommerce - Launching Browser
2022-11-09 18:19:15,179 [main] INFO nopcommerce - Opening URL
2022-11-09 18:19:18,166 [main] INFO nopcommerce - Searching Product
2022-11-09 18:19:19,141 [main] INFO nopcommerce - Click on Link
2022-11-09 18:19:19,606 [main] INFO nopcommerce - Verifying Title
2022-11-09 18:19:19,623 [main] INFO nopcommerce - Searching Product
2022-11-09 18:27:21,197 [main] INFO nopcommerce - Launching Browser
2022-11-09 18:27:21,234 [main] INFO nopcommerce - Opening URL
2022-11-09 18:27:23,235 [main] INFO nopcommerce - Searching Product
2022-11-09 18:27:24,349 [main] INFO nopcommerce - Click on Link
2022-11-09 18:27:24,848 [main] INFO nopcommerce - Verifying Title
2022-11-09 18:27:24,873 [main] INFO nopcommerce - Searching Product
2022-11-09 18:27:25,197 [main] INFO nopcommerce - Closing Browser
2022-11-09 18:27:46,463 [main] INFO nopcommerce - Launching Browser
2022-11-09 18:27:46,505 [main] INFO nopcommerce - Opening URL
2022-11-09 18:27:49,371 [main] INFO nopcommerce - Searching Product
2022-11-09 18:27:50,589 [main] INFO nopcommerce - Click on Link
2022-11-09 18:27:51,166 [main] INFO nopcommerce - Verifying Title
2022-11-09 18:27:51,190 [main] INFO nopcommerce - Searching Product
2022-11-09 18:27:51,545 [main] INFO nopcommerce - Closing Browser
2022-11-09 18:35:55,824 [main] INFO nopcommerce - Launching Browser
2022-11-09 18:35:55,858 [main] INFO nopcommerce - Opening URL
2022-11-09 18:35:57,706 [main] INFO nopcommerce - Searching Product
2022-11-09 18:35:58,812 [main] INFO nopcommerce - Click on Link
2022-11-09 18:35:59,295 [main] INFO nopcommerce - Verifying Title
2022-11-09 18:35:59,315 [main] INFO nopcommerce - Searching Product
2022-11-09 18:35:59,652 [main] INFO nopcommerce - Closing Browser
2022-11-09 18:41:39,070 [main] INFO nopcommerce - Launching Browser
2022-11-09 18:41:39,100 [main] INFO nopcommerce - Opening URL
2022-11-09 18:41:41,729 [main] INFO nopcommerce - Searching Product
2022-11-09 18:41:43,045 [main] INFO nopcommerce - Click on Link
2022-11-09 18:41:43,587 [main] INFO nopcommerce - Verifying Title
2022-11-09 18:41:43,612 [main] INFO nopcommerce - Searching Product
2022-11-09 18:41:43,982 [main] INFO nopcommerce - Asserting Product
2022-11-09 18:41:43,985 [main] INFO nopcommerce - Closing Browser
2022-11-09 22:25:04,948 [main] INFO nopcommerce - Launching Browser
2022-11-09 22:25:04,973 [main] INFO nopcommerce - Opening URL
2022-11-09 22:25:06,546 [main] INFO nopcommerce - Searching Product
2022-11-09 22:26:35,530 [main] INFO nopcommerce - Launching Browser
2022-11-09 22:26:35,556 [main] INFO nopcommerce - Opening URL
2022-11-09 22:26:37,200 [main] INFO nopcommerce - Searching Product
2022-11-09 22:26:50,098 [main] INFO nopcommerce - Launching Browser
2022-11-09 22:26:50,121 [main] INFO nopcommerce - Opening URL
2022-11-09 22:26:53,501 [main] INFO nopcommerce - Searching Product
2022-11-09 22:34:01,247 [main] INFO nopcommerce - Launching Browser
2022-11-09 22:34:01,271 [main] INFO nopcommerce - Opening URL
2022-11-09 22:35:14,963 [main] INFO nopcommerce - Launching Browser
2022-11-09 22:35:14,985 [main] INFO nopcommerce - Opening URL
2022-11-09 22:35:16,194 [main] INFO nopcommerce - Searching Product
2022-11-09 22:40:51,151 [main] INFO nopcommerce - Launching Browser
2022-11-09 22:40:51,251 [main] INFO nopcommerce - Opening URL
2022-11-09 22:40:52,213 [main] INFO nopcommerce - Searching Product
2022-11-09 22:43:22,934 [main] INFO nopcommerce - Launching Browser
2022-11-09 22:43:22,959 [main] INFO nopcommerce - Opening URL
2022-11-09 22:43:23,958 [main] INFO nopcommerce - Searching Product
2022-11-09 22:56:09,668 [main] INFO nopcommerce - Launching Browser
2022-11-09 22:56:09,696 [main] INFO nopcommerce - Opening URL
2022-11-09 22:56:11,533 [main] INFO nopcommerce - Searching Product
2022-11-09 22:56:12,551 [main] INFO nopcommerce - Click on Link
2022-11-09 22:56:46,011 [main] INFO nopcommerce - Launching Browser
2022-11-09 22:56:46,032 [main] INFO nopcommerce - Opening URL
2022-11-09 22:56:47,415 [main] INFO nopcommerce - Searching Product
2022-11-09 22:56:48,385 [main] INFO nopcommerce - Click on Link
2022-11-09 23:03:02,688 [main] INFO nopcommerce - Launching Browser
2022-11-09 23:03:02,718 [main] INFO nopcommerce - Opening URL
2022-11-09 23:03:03,742 [main] INFO nopcommerce - Searching Product
2022-11-09 23:06:18,719 [main] INFO nopcommerce - Launching Browser
2022-11-09 23:06:18,745 [main] INFO nopcommerce - Opening URL
2022-11-09 23:06:19,840 [main] INFO nopcommerce - Searching Product
2022-11-09 23:06:20,782 [main] INFO nopcommerce - Click on Link
2022-11-09 23:06:21,167 [main] INFO nopcommerce - Verifying Title
2022-11-09 23:06:21,191 [main] INFO nopcommerce - Searching Product
2022-11-09 23:06:21,540 [main] INFO nopcommerce - Asserting Product
2022-11-09 23:15:14,457 [main] INFO nopcommerce - Launching Browser
2022-11-09 23:15:14,496 [main] INFO nopcommerce - Opening URL
2022-11-09 23:15:16,635 [main] INFO nopcommerce - Searching Product
2022-11-09 23:15:17,798 [main] INFO nopcommerce - Click on Link
2022-11-09 23:15:18,315 [main] INFO nopcommerce - Verifying Title
2022-11-09 23:15:18,339 [main] INFO nopcommerce - Searching Product
2022-11-09 23:15:18,723 [main] INFO nopcommerce - Asserting Product
2022-11-09 23:15:18,725 [main] INFO nopcommerce - Closing Browser
2022-11-09 23:34:51,375 [main] INFO nopcommerce - Launching Browser
2022-11-09 23:34:51,406 [main] INFO nopcommerce - Opening URL
2022-11-09 23:34:55,139 [main] INFO nopcommerce - Searching Product
2022-11-10 07:41:47,449 [main] INFO nopcommerce - Launching Browser
2022-11-10 07:42:21,645 [main] INFO nopcommerce - Launching Browser
2022-11-10 07:42:21,681 [main] INFO nopcommerce - Opening URL
2022-11-10 07:42:24,897 [main] INFO nopcommerce - Searching Product
2022-11-10 08:06:35,638 [main] INFO nopcommerce - Launching Browser
2022-11-10 08:06:35,707 [main] INFO nopcommerce - Opening URL
2022-11-10 08:06:37,577 [main] INFO nopcommerce - Searching Product
2022-11-10 08:14:49,862 [main] INFO nopcommerce - Launching Browser
2022-11-10 08:14:49,875 [main] INFO nopcommerce - Opening URL
2022-11-10 08:14:52,359 [main] INFO nopcommerce - Searching Product
2022-11-10 08:16:11,313 [main] INFO nopcommerce - Launching Browser
2022-11-10 08:16:11,331 [main] INFO nopcommerce - Opening URL
2022-11-10 08:16:13,185 [main] INFO nopcommerce - Searching Product
2022-11-10 08:18:02,978 [main] INFO nopcommerce - Launching Browser
2022-11-10 08:18:02,992 [main] INFO nopcommerce - Opening URL
2022-11-10 08:18:04,920 [main] INFO nopcommerce - Searching Product
2022-11-10 08:20:09,185 [main] INFO nopcommerce - Launching Browser
2022-11-10 08:20:09,215 [main] INFO nopcommerce - Opening URL
2022-11-10 08:20:11,313 [main] INFO nopcommerce - Searching Product
2022-11-10 08:20:43,796 [main] INFO nopcommerce - Launching Browser
2022-11-10 08:20:46,277 [main] INFO nopcommerce - Opening URL
2022-11-10 08:20:47,892 [main] INFO nopcommerce - Searching Product
2022-11-10 08:25:15,246 [main] INFO nopcommerce - Launching Browser
2022-11-10 08:25:15,256 [main] INFO nopcommerce - Opening URL
2022-11-10 08:25:16,976 [main] INFO nopcommerce - Searching Product
2022-11-10 08:30:40,192 [main] INFO nopcommerce - Searching Product
2022-11-10 09:56:53,909 [main] INFO nopcommerce - Launching Browser
2022-11-10 09:56:54,586 [main] INFO nopcommerce - Opening URL
2022-11-10 09:57:18,116 [main] INFO nopcommerce - Searching Product
2022-11-10 09:57:48,880 [main] INFO nopcommerce - Launching Browser
2022-11-10 09:57:48,898 [main] INFO nopcommerce - Opening URL
2022-11-10 09:58:22,233 [main] INFO nopcommerce - Launching Browser
2022-11-10 09:58:22,246 [main] INFO nopcommerce - Opening URL
2022-11-10 09:58:22,249 [main] INFO nopcommerce - Searching Product
2022-11-10 09:58:23,168 [main] INFO nopcommerce - Click on Link
2022-11-10 09:58:23,728 [main] INFO nopcommerce - Verifying Title
2022-11-10 09:58:23,754 [main] INFO nopcommerce - Searching Product
2022-11-10 09:58:24,213 [main] INFO nopcommerce - Asserting Product
2022-11-10 12:50:21,128 [main] INFO nopcommerce - Launching Browser
2022-11-10 12:50:21,140 [main] INFO nopcommerce - Opening URL
2022-11-10 12:50:21,141 [main] INFO nopcommerce - Searching Product
2022-11-10 12:50:22,159 [main] INFO nopcommerce - Click on Link
2022-11-10 12:50:22,527 [main] INFO nopcommerce - Verifying Title
2022-11-10 12:50:22,546 [main] INFO nopcommerce - Searching Product
2022-11-10 12:50:22,894 [main] INFO nopcommerce - Asserting Product
2022-11-10 12:50:22,895 [main] INFO nopcommerce - Closing Browser
2022-11-10 12:55:07,291 [main] INFO nopcommerce - Launching Browser
2022-11-10 12:55:07,307 [main] INFO nopcommerce - Opening URL
2022-11-10 12:55:07,309 [main] INFO nopcommerce - Searching Product
2022-11-10 12:55:08,303 [main] INFO nopcommerce - Click on Link
2022-11-10 12:55:08,664 [main] INFO nopcommerce - Verifying Title
2022-11-10 12:55:08,684 [main] INFO nopcommerce - Searching Product
2022-11-10 12:55:09,019 [main] INFO nopcommerce - Asserting Product
2022-11-10 12:55:09,022 [main] INFO nopcommerce - Closing Browser
2022-11-10 13:03:25,105 [main] INFO nopcommerce - Launching Browser
2022-11-10 13:03:25,118 [main] INFO nopcommerce - Opening URL
2022-11-10 13:03:25,120 [main] INFO nopcommerce - Searching Product
2022-11-10 13:03:26,109 [main] INFO nopcommerce - Click on Link
2022-11-10 13:03:26,510 [main] INFO nopcommerce - Verifying Title
2022-11-10 13:03:26,530 [main] INFO nopcommerce - Searching Product
2022-11-10 13:03:26,854 [main] INFO nopcommerce - Asserting Product
2022-11-10 13:03:26,856 [main] INFO nopcommerce - Closing Browser
2022-11-10 13:09:36,119 [main] INFO nopcommerce - Launching Browser
2022-11-10 13:09:36,142 [main] INFO nopcommerce - Searching Product
2022-11-10 13:09:37,191 [main] INFO nopcommerce - Click on Link
2022-11-10 13:09:37,595 [main] INFO nopcommerce - Verifying Title
2022-11-10 13:09:37,631 [main] INFO nopcommerce - Searching Product
2022-11-10 13:09:37,982 [main] INFO nopcommerce - Asserting Product
2022-11-10 13:09:37,983 [main] INFO nopcommerce - Closing Browser
2022-11-10 13:09:40,792 [main] INFO nopcommerce - Launching Browser
2022-11-10 13:09:40,794 [main] INFO nopcommerce - Searching Product
2022-11-10 13:09:41,384 [main] INFO nopcommerce - Closing Browser
2022-11-10 13:11:01,958 [main] INFO nopcommerce - Launching Browser
2022-11-10 13:11:01,974 [main] INFO nopcommerce - Searching Product
2022-11-10 13:11:02,966 [main] INFO nopcommerce - Click on Link
2022-11-10 13:11:03,348 [main] INFO nopcommerce - Verifying Title
2022-11-10 13:11:03,363 [main] INFO nopcommerce - Searching Product
2022-11-10 13:11:03,694 [main] INFO nopcommerce - Asserting Product
2022-11-10 13:11:03,695 [main] INFO nopcommerce - Closing Browser
2022-11-10 13:11:06,318 [main] INFO nopcommerce - Launching Browser
2022-11-10 13:11:06,321 [main] INFO nopcommerce - Searching Product
2022-11-10 13:11:07,223 [main] INFO nopcommerce - Click on Link
2022-11-10 13:11:07,577 [main] INFO nopcommerce - Verifying Title
2022-11-10 13:11:07,593 [main] INFO nopcommerce - Searching Product
2022-11-10 13:11:07,921 [main] INFO nopcommerce - Asserting Product
2022-11-10 13:11:07,922 [main] INFO nopcommerce - Closing Browser
2022-11-10 13:19:39,547 [main] INFO nopcommerce - Launching Browser
2022-11-10 13:19:39,567 [main] INFO nopcommerce - Searching Product
2022-11-10 13:19:40,629 [main] INFO nopcommerce - Click on Link
2022-11-10 13:19:41,017 [main] INFO nopcommerce - Verifying Title
2022-11-10 13:19:41,033 [main] INFO nopcommerce - Searching Product
2022-11-10 13:19:41,377 [main] INFO nopcommerce - Asserting Product
2022-11-10 13:19:41,379 [main] INFO nopcommerce - Closing Browser
2022-11-10 13:19:44,809 [main] INFO nopcommerce - Launching Browser
2022-11-10 13:19:44,812 [main] INFO nopcommerce - Searching Product
2022-11-10 13:19:45,713 [main] INFO nopcommerce - Click on Link
2022-11-10 13:19:46,057 [main] INFO nopcommerce - Verifying Title
2022-11-10 13:19:46,075 [main] INFO nopcommerce - Searching Product
2022-11-10 13:19:46,412 [main] INFO nopcommerce - Asserting Product
2022-11-10 13:19:46,413 [main] INFO nopcommerce - Closing Browser
2022-11-10 13:54:59,041 [main] INFO nopcommerce - Launching Browser
2022-11-10 13:54:59,055 [main] INFO nopcommerce - Search item
2022-11-10 13:54:59,056 [main] INFO nopcommerce - Add item to cart
2022-11-10 13:54:59,058 [main] INFO nopcommerce - click checkout button
2022-11-10 13:54:59,061 [main] INFO nopcommerce - proceed to checkout
2022-11-10 13:54:59,064 [main] INFO nopcommerce - Verify Added Item
2022-11-10 13:54:59,067 [main] INFO nopcommerce - chek buttons
2022-11-10 13:54:59,069 [main] INFO nopcommerce - Closing Browser
2022-11-10 13:55:08,782 [main] INFO nopcommerce - Launching Browser
2022-11-10 13:55:08,804 [main] INFO nopcommerce - Search item
2022-11-10 13:55:08,810 [main] INFO nopcommerce - Add item to cart
2022-11-10 13:55:08,813 [main] INFO nopcommerce - click checkout button
2022-11-10 13:55:08,816 [main] INFO nopcommerce - proceed to checkout
2022-11-10 13:55:08,819 [main] INFO nopcommerce - Verify Added Item
2022-11-10 13:55:08,821 [main] INFO nopcommerce - chek buttons
2022-11-10 13:55:08,822 [main] INFO nopcommerce - Closing Browser
2022-11-10 13:55:36,235 [main] INFO nopcommerce - Launching Browser
2022-11-10 13:55:36,256 [main] INFO nopcommerce - Search item
2022-11-10 13:55:36,260 [main] INFO nopcommerce - Add item to cart
2022-11-10 13:55:36,263 [main] INFO nopcommerce - click checkout button
2022-11-10 13:55:36,269 [main] INFO nopcommerce - proceed to checkout
2022-11-10 13:55:36,271 [main] INFO nopcommerce - Verify Added Item
2022-11-10 13:55:36,272 [main] INFO nopcommerce - chek buttons
2022-11-10 13:55:36,274 [main] INFO nopcommerce - Closing Browser
2022-11-10 13:55:38,124 [main] INFO nopcommerce - Launching Browser
2022-11-10 13:55:38,127 [main] INFO nopcommerce - Searching Product
2022-11-10 13:55:38,988 [main] INFO nopcommerce - Click on Link
2022-11-10 13:55:39,299 [main] INFO nopcommerce - Verifying Title
2022-11-10 13:55:39,312 [main] INFO nopcommerce - Searching Product
2022-11-10 13:55:39,641 [main] INFO nopcommerce - Asserting Product
2022-11-10 13:55:39,642 [main] INFO nopcommerce - Closing Browser
2022-11-10 13:55:41,499 [main] INFO nopcommerce - Launching Browser
2022-11-10 13:55:41,501 [main] INFO nopcommerce - Searching Product
2022-11-10 13:55:42,272 [main] INFO nopcommerce - Click on Link
2022-11-10 13:55:42,586 [main] INFO nopcommerce - Verifying Title
2022-11-10 13:55:42,598 [main] INFO nopcommerce - Searching Product
2022-11-10 13:55:42,904 [main] INFO nopcommerce - Asserting Product
2022-11-10 13:55:42,905 [main] INFO nopcommerce - Closing Browser
2022-11-10 14:04:02,146 [main] INFO nopcommerce - Launching Browser
2022-11-10 14:04:02,170 [main] INFO nopcommerce - Search item
2022-11-10 14:04:03,184 [main] INFO nopcommerce - Add item to cart
2022-11-10 14:04:03,621 [main] INFO nopcommerce - click checkout button
2022-11-10 14:04:03,989 [main] INFO nopcommerce - proceed to checkout
2022-11-10 14:04:04,341 [main] INFO nopcommerce - Verify Added Item
2022-11-10 14:04:04,373 [main] INFO nopcommerce - Closing Browser
2022-11-10 14:04:06,777 [main] INFO nopcommerce - Launching Browser
2022-11-10 14:04:06,780 [main] INFO nopcommerce - Searching Product
2022-11-10 14:04:07,683 [main] INFO nopcommerce - Click on Link
2022-11-10 14:04:08,026 [main] INFO nopcommerce - Verifying Title
2022-11-10 14:04:08,040 [main] INFO nopcommerce - Searching Product
2022-11-10 14:04:08,384 [main] INFO nopcommerce - Asserting Product
2022-11-10 14:04:08,385 [main] INFO nopcommerce - Closing Browser
2022-11-10 14:04:10,665 [main] INFO nopcommerce - Launching Browser
2022-11-10 14:04:10,666 [main] INFO nopcommerce - Searching Product
2022-11-10 14:04:11,523 [main] INFO nopcommerce - Click on Link
2022-11-10 14:04:11,891 [main] INFO nopcommerce - Verifying Title
2022-11-10 14:04:11,908 [main] INFO nopcommerce - Searching Product
2022-11-10 14:04:12,227 [main] INFO nopcommerce - Asserting Product
2022-11-10 14:04:12,228 [main] INFO nopcommerce - Closing Browser
2022-11-10 14:06:36,583 [main] INFO nopcommerce - Launching Browser
2022-11-10 14:06:36,597 [main] INFO nopcommerce - Search item
2022-11-10 14:06:37,660 [main] INFO nopcommerce - Add item to cart
2022-11-10 14:06:38,179 [main] INFO nopcommerce - click checkout button
2022-11-10 14:06:38,587 [main] INFO nopcommerce - proceed to checkout
2022-11-10 14:06:39,000 [main] INFO nopcommerce - Verify Added Item
2022-11-10 14:06:48,175 [main] INFO nopcommerce - chek buttons
2022-11-10 14:06:48,494 [main] INFO nopcommerce - Closing Browser
2022-11-10 14:07:14,171 [main] INFO nopcommerce - Launching Browser
2022-11-10 14:07:14,173 [main] INFO nopcommerce - Searching Product
2022-11-10 14:07:16,671 [main] INFO nopcommerce - Click on Link
2022-11-10 14:07:17,645 [main] INFO nopcommerce - Verifying Title
2022-11-10 14:07:17,724 [main] INFO nopcommerce - Searching Product
2022-11-10 14:07:18,086 [main] INFO nopcommerce - Asserting Product
2022-11-10 14:07:18,087 [main] INFO nopcommerce - Closing Browser
2022-11-10 14:07:21,884 [main] INFO nopcommerce - Launching Browser
2022-11-10 14:07:21,885 [main] INFO nopcommerce - Searching Product
2022-11-10 14:07:26,978 [main] INFO nopcommerce - Click on Link
2022-11-10 14:07:27,765 [main] INFO nopcommerce - Verifying Title
2022-11-10 14:07:27,803 [main] INFO nopcommerce - Searching Product
2022-11-10 14:07:28,150 [main] INFO nopcommerce - Asserting Product
2022-11-10 14:07:28,151 [main] INFO nopcommerce - Closing Browser
2022-11-10 14:10:38,152 [main] INFO nopcommerce - Launching Browser
2022-11-10 14:10:38,175 [main] INFO nopcommerce - Search item
2022-11-10 14:10:39,302 [main] INFO nopcommerce - Add item to cart
2022-11-10 14:10:39,830 [main] INFO nopcommerce - click checkout button
2022-11-10 14:10:40,172 [main] INFO nopcommerce - proceed to checkout
2022-11-10 14:10:40,551 [main] INFO nopcommerce - Verify Added Item
2022-11-10 14:10:42,745 [main] INFO nopcommerce - chek buttons
2022-11-10 14:10:42,960 [main] INFO nopcommerce - Closing Browser
2022-11-10 14:10:46,648 [main] INFO nopcommerce - Launching Browser
2022-11-10 14:10:46,650 [main] INFO nopcommerce - Searching Product
2022-11-10 14:10:47,635 [main] INFO nopcommerce - Click on Link
2022-11-10 14:10:48,070 [main] INFO nopcommerce - Verifying Title
2022-11-10 14:10:48,082 [main] INFO nopcommerce - Searching Product
2022-11-10 14:10:48,426 [main] INFO nopcommerce - Asserting Product
2022-11-10 14:10:48,427 [main] INFO nopcommerce - Closing Browser
2022-11-10 14:10:51,775 [main] INFO nopcommerce - Launching Browser
2022-11-10 14:10:51,778 [main] INFO nopcommerce - Searching Product
2022-11-10 14:10:52,631 [main] INFO nopcommerce - Click on Link
2022-11-10 14:10:53,067 [main] INFO nopcommerce - Verifying Title
2022-11-10 14:10:53,079 [main] INFO nopcommerce - Searching Product
2022-11-10 14:10:53,383 [main] INFO nopcommerce - Asserting Product
2022-11-10 14:10:53,384 [main] INFO nopcommerce - Closing Browser
2022-11-10 14:55:58,500 [main] INFO nopcommerce - Launching Browser
2022-11-10 14:55:58,518 [main] INFO nopcommerce - Search item
2022-11-10 14:55:59,814 [main] INFO nopcommerce - Add item to cart
2022-11-10 14:56:00,344 [main] INFO nopcommerce - click checkout button
2022-11-10 14:56:00,689 [main] INFO nopcommerce - proceed to checkout
2022-11-10 14:56:01,012 [main] INFO nopcommerce - Verify Added Item
2022-11-10 14:56:03,253 [main] INFO nopcommerce - chek buttons
2022-11-10 14:56:03,373 [main] INFO nopcommerce - Closing Browser
2022-11-10 14:56:07,706 [main] INFO nopcommerce - Launching Browser
2022-11-10 14:56:07,709 [main] INFO nopcommerce - Searching Product
2022-11-10 14:56:08,780 [main] INFO nopcommerce - Click on Link
2022-11-10 14:56:09,330 [main] INFO nopcommerce - Verifying Title
2022-11-10 14:56:09,350 [main] INFO nopcommerce - Searching Product
2022-11-10 14:56:09,773 [main] INFO nopcommerce - Asserting Product
2022-11-10 14:56:09,774 [main] INFO nopcommerce - Closing Browser
2022-11-10 14:56:13,018 [main] INFO nopcommerce - Launching Browser
2022-11-10 14:56:13,019 [main] INFO nopcommerce - Searching Product
2022-11-10 14:56:13,949 [main] INFO nopcommerce - Click on Link
2022-11-10 14:56:14,443 [main] INFO nopcommerce - Verifying Title
2022-11-10 14:56:14,461 [main] INFO nopcommerce - Searching Product
2022-11-10 14:56:14,905 [main] INFO nopcommerce - Asserting Product
2022-11-10 14:56:14,908 [main] INFO nopcommerce - Closing Browser
2022-11-10 15:15:21,584 [main] INFO nopcommerce - Launching Browser
2022-11-10 15:15:21,619 [main] INFO nopcommerce - Search item
2022-11-10 15:15:22,669 [main] INFO nopcommerce - Add item to cart
2022-11-10 15:15:23,147 [main] INFO nopcommerce - click checkout button
2022-11-10 15:15:23,493 [main] INFO nopcommerce - proceed to checkout
2022-11-10 15:15:23,829 [main] INFO nopcommerce - Verify Added Item
2022-11-10 15:15:26,028 [main] INFO nopcommerce - chek buttons
2022-11-10 15:15:26,159 [main] INFO nopcommerce - Closing Browser
2022-11-10 15:15:29,329 [main] INFO nopcommerce - Launching Browser
2022-11-10 15:15:29,331 [main] INFO nopcommerce - Searching Product
2022-11-10 15:15:30,249 [main] INFO nopcommerce - Click on Link
2022-11-10 15:15:30,700 [main] INFO nopcommerce - Verifying Title
2022-11-10 15:15:30,714 [main] INFO nopcommerce - Searching Product
2022-11-10 15:15:31,028 [main] INFO nopcommerce - Asserting Product
2022-11-10 15:15:31,030 [main] INFO nopcommerce - Closing Browser
2022-11-10 15:15:33,670 [main] INFO nopcommerce - Launching Browser
2022-11-10 15:15:33,672 [main] INFO nopcommerce - Searching Product
2022-11-10 15:15:34,694 [main] INFO nopcommerce - Click on Link
2022-11-10 15:15:35,122 [main] INFO nopcommerce - Verifying Title
2022-11-10 15:15:35,137 [main] INFO nopcommerce - Searching Product
2022-11-10 15:15:35,485 [main] INFO nopcommerce - Asserting Product
2022-11-10 15:15:35,486 [main] INFO nopcommerce - Closing Browser
2022-11-10 15:40:51,673 [main] INFO nopcommerce - Launching Browser
2022-11-10 15:40:51,721 [main] INFO nopcommerce - Search item
2022-11-10 15:40:52,774 [main] INFO nopcommerce - Add item to cart
2022-11-10 15:40:53,337 [main] INFO nopcommerce - click checkout button
2022-11-10 15:40:53,672 [main] INFO nopcommerce - proceed to checkout
2022-11-10 15:40:54,040 [main] INFO nopcommerce - Verify Added Item
2022-11-10 15:40:56,249 [main] INFO nopcommerce - chek buttons
2022-11-10 15:40:56,359 [main] INFO nopcommerce - Closing Browser
2022-11-10 15:40:59,693 [main] INFO nopcommerce - Launching Browser
2022-11-10 15:40:59,698 [main] INFO nopcommerce - Searching Product
2022-11-10 15:41:00,640 [main] INFO nopcommerce - Click on Link
2022-11-10 15:41:01,163 [main] INFO nopcommerce - Verifying Title
2022-11-10 15:41:01,184 [main] INFO nopcommerce - Searching Product
2022-11-10 15:41:01,537 [main] INFO nopcommerce - Asserting Product
2022-11-10 15:41:01,540 [main] INFO nopcommerce - Closing Browser
2022-11-10 15:41:04,910 [main] INFO nopcommerce - Launching Browser
2022-11-10 15:41:04,912 [main] INFO nopcommerce - Searching Product
2022-11-10 15:41:05,860 [main] INFO nopcommerce - Click on Link
2022-11-10 15:41:06,330 [main] INFO nopcommerce - Verifying Title
2022-11-10 15:41:06,356 [main] INFO nopcommerce - Searching Product
2022-11-10 15:41:06,710 [main] INFO nopcommerce - Asserting Product
2022-11-10 15:41:06,712 [main] INFO nopcommerce - Closing Browser
2022-11-10 15:50:34,048 [main] INFO nopcommerce - Launching Browser
2022-11-10 15:50:34,079 [main] INFO nopcommerce - Search item
2022-11-10 15:50:35,229 [main] INFO nopcommerce - Add item to cart
2022-11-10 15:50:35,746 [main] INFO nopcommerce - click checkout button
2022-11-10 15:50:36,152 [main] INFO nopcommerce - proceed to checkout
2022-11-10 15:50:36,549 [main] INFO nopcommerce - Verify Added Item
2022-11-10 15:50:38,743 [main] INFO nopcommerce - chek buttons
2022-11-10 15:50:38,871 [main] INFO nopcommerce - Closing Browser
2022-11-10 15:50:42,145 [main] INFO nopcommerce - Launching Browser
2022-11-10 15:50:42,152 [main] INFO nopcommerce - Searching Product
2022-11-10 15:50:43,125 [main] INFO nopcommerce - Click on Link
2022-11-10 15:50:43,623 [main] INFO nopcommerce - Verifying Title
2022-11-10 15:50:43,639 [main] INFO nopcommerce - Searching Product
2022-11-10 15:50:43,957 [main] INFO nopcommerce - Asserting Product
2022-11-10 15:50:43,958 [main] INFO nopcommerce - Closing Browser
2022-11-10 15:50:47,577 [main] INFO nopcommerce - Launching Browser
2022-11-10 15:50:47,581 [main] INFO nopcommerce - Searching Product
2022-11-10 15:50:48,646 [main] INFO nopcommerce - Click on Link
2022-11-10 15:50:49,089 [main] INFO nopcommerce - Verifying Title
2022-11-10 15:50:49,105 [main] INFO nopcommerce - Searching Product
2022-11-10 15:50:49,420 [main] INFO nopcommerce - Asserting Product
2022-11-10 15:50:49,421 [main] INFO nopcommerce - Closing Browser
2022-11-10 16:03:16,699 [main] INFO nopcommerce - Launching Browser
2022-11-10 16:03:16,736 [main] INFO nopcommerce - Search item
2022-11-10 16:03:17,932 [main] INFO nopcommerce - Add item to cart
2022-11-10 16:03:18,420 [main] INFO nopcommerce - click checkout button
2022-11-10 16:03:18,767 [main] INFO nopcommerce - proceed to checkout
2022-11-10 16:03:19,118 [main] INFO nopcommerce - Verify Added Item
2022-11-10 16:03:21,376 [main] INFO nopcommerce - chek buttons
2022-11-10 16:03:21,526 [main] INFO nopcommerce - Closing Browser
2022-11-10 16:03:23,925 [main] INFO nopcommerce - Launching Browser
2022-11-10 16:03:23,930 [main] INFO nopcommerce - Searching Product
2022-11-10 16:03:25,067 [main] INFO nopcommerce - Click on Link
2022-11-10 16:03:25,636 [main] INFO nopcommerce - Verifying Title
2022-11-10 16:03:25,654 [main] INFO nopcommerce - Searching Product
2022-11-10 16:03:26,016 [main] INFO nopcommerce - Asserting Product
2022-11-10 16:03:26,017 [main] INFO nopcommerce - Closing Browser
2022-11-10 16:03:28,169 [main] INFO nopcommerce - Launching Browser
2022-11-10 16:03:28,171 [main] INFO nopcommerce - Searching Product
2022-11-10 16:03:29,230 [main] INFO nopcommerce - Click on Link
2022-11-10 16:03:29,725 [main] INFO nopcommerce - Verifying Title
2022-11-10 16:03:29,740 [main] INFO nopcommerce - Searching Product
2022-11-10 16:03:30,083 [main] INFO nopcommerce - Asserting Product
2022-11-10 16:03:30,084 [main] INFO nopcommerce - Closing Browser
2022-11-10 16:06:18,478 [pool-1-thread-2] INFO nopcommerce - Launching Browser
2022-11-10 16:06:18,490 [pool-1-thread-2] INFO nopcommerce - Searching Product
2022-11-10 16:06:19,092 [pool-1-thread-1] INFO nopcommerce - Launching Browser
2022-11-10 16:06:19,102 [pool-1-thread-1] INFO nopcommerce - Search item
2022-11-10 16:06:19,838 [pool-1-thread-2] INFO nopcommerce - Click on Link
2022-11-10 16:06:20,469 [pool-1-thread-2] INFO nopcommerce - Verifying Title
2022-11-10 16:06:20,483 [pool-1-thread-2] INFO nopcommerce - Searching Product
2022-11-10 16:06:20,607 [pool-1-thread-1] INFO nopcommerce - Add item to cart
2022-11-10 16:06:20,841 [pool-1-thread-2] INFO nopcommerce - Asserting Product
2022-11-10 16:06:20,842 [pool-1-thread-2] INFO nopcommerce - Closing Browser
2022-11-10 16:06:21,299 [pool-1-thread-1] INFO nopcommerce - click checkout button
2022-11-10 16:06:21,837 [pool-1-thread-1] INFO nopcommerce - proceed to checkout
2022-11-10 16:06:22,359 [pool-1-thread-1] INFO nopcommerce - Verify Added Item
2022-11-10 16:06:24,678 [pool-1-thread-1] INFO nopcommerce - chek buttons
2022-11-10 16:06:24,687 [pool-1-thread-2] INFO nopcommerce - Launching Browser
2022-11-10 16:06:24,688 [pool-1-thread-2] INFO nopcommerce - Searching Product
2022-11-10 16:06:24,826 [pool-1-thread-1] INFO nopcommerce - Closing Browser
2022-11-10 16:06:25,911 [pool-1-thread-2] INFO nopcommerce - Click on Link
2022-11-10 16:06:26,472 [pool-1-thread-2] INFO nopcommerce - Verifying Title
2022-11-10 16:06:26,486 [pool-1-thread-2] INFO nopcommerce - Searching Product
2022-11-10 16:06:26,863 [pool-1-thread-2] INFO nopcommerce - Asserting Product
2022-11-10 16:06:26,864 [pool-1-thread-2] INFO nopcommerce - Closing Browser
2022-11-10 16:08:45,020 [main] INFO nopcommerce - Launching Browser
2022-11-10 16:08:45,051 [main] INFO nopcommerce - Search item
2022-11-10 16:08:46,048 [main] INFO nopcommerce - Add item to cart
2022-11-10 16:08:46,638 [main] INFO nopcommerce - click checkout button
2022-11-10 16:08:47,034 [main] INFO nopcommerce - proceed to checkout
2022-11-10 16:08:47,454 [main] INFO nopcommerce - Verify Added Item
2022-11-10 16:08:49,702 [main] INFO nopcommerce - chek buttons
2022-11-10 16:08:49,847 [main] INFO nopcommerce - Closing Browser
2022-11-10 16:08:53,455 [main] INFO nopcommerce - Launching Browser
2022-11-10 16:08:53,461 [main] INFO nopcommerce - Searching Product
2022-11-10 16:08:54,582 [main] INFO nopcommerce - Click on Link
2022-11-10 16:08:55,115 [main] INFO nopcommerce - Verifying Title
2022-11-10 16:08:55,134 [main] INFO nopcommerce - Searching Product
2022-11-10 16:08:55,584 [main] INFO nopcommerce - Asserting Product
2022-11-10 16:08:55,585 [main] INFO nopcommerce - Closing Browser
2022-11-10 16:08:59,281 [main] INFO nopcommerce - Launching Browser
2022-11-10 16:08:59,283 [main] INFO nopcommerce - Searching Product
2022-11-10 16:09:00,510 [main] INFO nopcommerce - Click on Link
2022-11-10 16:09:01,058 [main] INFO nopcommerce - Verifying Title
2022-11-10 16:09:01,079 [main] INFO nopcommerce - Searching Product
2022-11-10 16:09:01,431 [main] INFO nopcommerce - Asserting Product
2022-11-10 16:09:01,432 [main] INFO nopcommerce - Closing Browser
2022-11-10 16:13:06,332 [pool-1-thread-2] INFO nopcommerce - Launching Browser
2022-11-10 16:13:06,345 [pool-1-thread-2] INFO nopcommerce - Searching Product
2022-11-10 16:13:07,733 [pool-1-thread-2] INFO nopcommerce - Click on Link
2022-11-10 16:13:07,922 [pool-1-thread-1] INFO nopcommerce - Launching Browser
2022-11-10 16:13:07,931 [pool-1-thread-1] INFO nopcommerce - Search item
2022-11-10 16:13:08,493 [pool-1-thread-2] INFO nopcommerce - Verifying Title
2022-11-10 16:13:08,560 [pool-1-thread-2] INFO nopcommerce - Searching Product
2022-11-10 16:13:08,996 [pool-1-thread-2] INFO nopcommerce - Asserting Product
2022-11-10 16:13:08,996 [pool-1-thread-2] INFO nopcommerce - Closing Browser
2022-11-10 16:13:09,411 [pool-1-thread-1] INFO nopcommerce - Add item to cart
2022-11-10 16:13:09,988 [pool-1-thread-1] INFO nopcommerce - click checkout button
2022-11-10 16:13:10,398 [pool-1-thread-1] INFO nopcommerce - proceed to checkout
2022-11-10 16:13:10,981 [pool-1-thread-1] INFO nopcommerce - Verify Added Item
2022-11-10 16:13:13,241 [pool-1-thread-1] INFO nopcommerce - chek buttons
2022-11-10 16:13:13,361 [pool-1-thread-1] INFO nopcommerce - Closing Browser
2022-11-10 16:13:14,146 [pool-1-thread-2] INFO nopcommerce - Launching Browser
2022-11-10 16:13:14,147 [pool-1-thread-2] INFO nopcommerce - Searching Product
2022-11-10 16:13:15,200 [pool-1-thread-2] INFO nopcommerce - Click on Link
2022-11-10 16:13:15,768 [pool-1-thread-2] INFO nopcommerce - Verifying Title
2022-11-10 16:13:15,791 [pool-1-thread-2] INFO nopcommerce - Searching Product
2022-11-10 16:13:16,239 [pool-1-thread-2] INFO nopcommerce - Asserting Product
2022-11-10 16:13:16,240 [pool-1-thread-2] INFO nopcommerce - Closing Browser
2022-11-10 16:16:48,377 [pool-1-thread-2] INFO nopcommerce - Launching Browser
2022-11-10 16:16:48,403 [pool-1-thread-2] INFO nopcommerce - Searching Product
2022-11-10 16:16:48,453 [pool-1-thread-1] INFO nopcommerce - Launching Browser
2022-11-10 16:16:48,461 [pool-1-thread-1] INFO nopcommerce - Search item
2022-11-10 16:16:49,750 [pool-1-thread-2] INFO nopcommerce - Click on Link
2022-11-10 16:16:49,775 [pool-1-thread-1] INFO nopcommerce - Add item to cart
2022-11-10 16:16:50,542 [pool-1-thread-1] INFO nopcommerce - click checkout button
2022-11-10 16:16:50,559 [pool-1-thread-2] INFO nopcommerce - Verifying Title
2022-11-10 16:16:50,591 [pool-1-thread-2] INFO nopcommerce - Searching Product
2022-11-10 16:16:51,116 [pool-1-thread-1] INFO nopcommerce - proceed to checkout
2022-11-10 16:16:51,225 [pool-1-thread-2] INFO nopcommerce - Asserting Product
2022-11-10 16:16:51,226 [pool-1-thread-2] INFO nopcommerce - Closing Browser
2022-11-10 16:16:51,613 [pool-1-thread-1] INFO nopcommerce - Verify Added Item
2022-11-10 16:16:53,877 [pool-1-thread-1] INFO nopcommerce - chek buttons
2022-11-10 16:16:54,025 [pool-1-thread-1] INFO nopcommerce - Closing Browser
2022-11-10 16:16:55,807 [pool-1-thread-2] INFO nopcommerce - Launching Browser
2022-11-10 16:16:55,808 [pool-1-thread-2] INFO nopcommerce - Searching Product
2022-11-10 16:16:56,878 [pool-1-thread-2] INFO nopcommerce - Click on Link
2022-11-10 16:16:57,461 [pool-1-thread-2] INFO nopcommerce - Verifying Title
2022-11-10 16:16:57,474 [pool-1-thread-2] INFO nopcommerce - Searching Product
2022-11-10 16:16:57,877 [pool-1-thread-2] INFO nopcommerce - Asserting Product
2022-11-10 16:16:57,877 [pool-1-thread-2] INFO nopcommerce - Closing Browser
2022-11-10 16:18:42,113 [pool-1-thread-2] INFO nopcommerce - Launching Browser
2022-11-10 16:18:42,129 [pool-1-thread-2] INFO nopcommerce - Searching Product
2022-11-10 16:18:42,622 [pool-1-thread-1] INFO nopcommerce - Launching Browser
2022-11-10 16:18:42,634 [pool-1-thread-1] INFO nopcommerce - Search item
2022-11-10 16:18:43,588 [pool-1-thread-2] INFO nopcommerce - Click on Link
2022-11-10 16:18:44,094 [pool-1-thread-1] INFO nopcommerce - Add item to cart
2022-11-10 16:18:44,264 [pool-1-thread-2] INFO nopcommerce - Verifying Title
2022-11-10 16:18:44,321 [pool-1-thread-2] INFO nopcommerce - Searching Product
2022-11-10 16:18:44,703 [pool-1-thread-1] INFO nopcommerce - click checkout button
2022-11-10 16:18:44,725 [pool-1-thread-2] INFO nopcommerce - Asserting Product
2022-11-10 16:18:44,726 [pool-1-thread-2] INFO nopcommerce - Closing Browser
2022-11-10 16:18:45,241 [pool-1-thread-1] INFO nopcommerce - proceed to checkout
2022-11-10 16:18:45,753 [pool-1-thread-1] INFO nopcommerce - Verify Added Item
2022-11-10 16:18:47,590 [pool-1-thread-2] INFO nopcommerce - Launching Browser
2022-11-10 16:18:47,591 [pool-1-thread-2] INFO nopcommerce - Searching Product
2022-11-10 16:18:48,069 [pool-1-thread-1] INFO nopcommerce - chek buttons
2022-11-10 16:18:48,257 [pool-1-thread-1] INFO nopcommerce - Closing Browser
2022-11-10 16:18:48,850 [pool-1-thread-2] INFO nopcommerce - Click on Link
2022-11-10 16:18:49,488 [pool-1-thread-2] INFO nopcommerce - Verifying Title
2022-11-10 16:18:49,515 [pool-1-thread-2] INFO nopcommerce - Searching Product
2022-11-10 16:18:49,936 [pool-1-thread-2] INFO nopcommerce - Asserting Product
2022-11-10 16:18:49,937 [pool-1-thread-2] INFO nopcommerce - Closing Browser
